{"/Users/onehub/personal/flutterwave/server.js":{"path":"/Users/onehub/personal/flutterwave/server.js","statementMap":{"0":{"start":{"line":3,"column":0},"end":{"line":5,"column":3}},"1":{"start":{"line":6,"column":0},"end":{"line":6,"column":28}},"2":{"start":{"line":8,"column":13},"end":{"line":8,"column":53}},"3":{"start":{"line":10,"column":14},"end":{"line":10,"column":31}},"4":{"start":{"line":12,"column":11},"end":{"line":12,"column":58}},"5":{"start":{"line":14,"column":39},"end":{"line":14,"column":95}},"6":{"start":{"line":16,"column":12},"end":{"line":16,"column":42}},"7":{"start":{"line":17,"column":0},"end":{"line":21,"column":3}},"8":{"start":{"line":18,"column":2},"end":{"line":18,"column":51}},"9":{"start":{"line":19,"column":2},"end":{"line":19,"column":35}},"10":{"start":{"line":20,"column":2},"end":{"line":20,"column":18}},"11":{"start":{"line":22,"column":0},"end":{"line":24,"column":3}},"12":{"start":{"line":25,"column":11},"end":{"line":25,"column":35}},"13":{"start":{"line":27,"column":13},"end":{"line":29,"column":2}},"14":{"start":{"line":28,"column":2},"end":{"line":28,"column":52}},"15":{"start":{"line":31,"column":0},"end":{"line":37,"column":3}},"16":{"start":{"line":32,"column":2},"end":{"line":32,"column":49}},"17":{"start":{"line":33,"column":2},"end":{"line":33,"column":35}},"18":{"start":{"line":34,"column":2},"end":{"line":36,"column":5}},"19":{"start":{"line":35,"column":4},"end":{"line":35,"column":20}},"20":{"start":{"line":38,"column":15},"end":{"line":38,"column":21}},"21":{"start":{"line":39,"column":0},"end":{"line":39,"column":30}}},"fnMap":{"0":{"name":"_interopRequireDefault","decl":{"start":{"line":14,"column":9},"end":{"line":14,"column":31}},"loc":{"start":{"line":14,"column":37},"end":{"line":14,"column":97}},"line":14},"1":{"name":"(anonymous_1)","decl":{"start":{"line":17,"column":32},"end":{"line":17,"column":33}},"loc":{"start":{"line":17,"column":49},"end":{"line":21,"column":1}},"line":17},"2":{"name":"(anonymous_2)","decl":{"start":{"line":27,"column":42},"end":{"line":27,"column":43}},"loc":{"start":{"line":27,"column":54},"end":{"line":29,"column":1}},"line":27},"3":{"name":"(anonymous_3)","decl":{"start":{"line":31,"column":33},"end":{"line":31,"column":34}},"loc":{"start":{"line":31,"column":50},"end":{"line":37,"column":1}},"line":31},"4":{"name":"(anonymous_4)","decl":{"start":{"line":34,"column":15},"end":{"line":34,"column":16}},"loc":{"start":{"line":34,"column":27},"end":{"line":36,"column":3}},"line":34}},"branchMap":{"0":{"loc":{"start":{"line":14,"column":46},"end":{"line":14,"column":94}},"type":"cond-expr","locations":[{"start":{"line":14,"column":70},"end":{"line":14,"column":73}},{"start":{"line":14,"column":76},"end":{"line":14,"column":94}}],"line":14},"1":{"loc":{"start":{"line":14,"column":46},"end":{"line":14,"column":67}},"type":"binary-expr","locations":[{"start":{"line":14,"column":46},"end":{"line":14,"column":49}},{"start":{"line":14,"column":53},"end":{"line":14,"column":67}}],"line":14},"2":{"loc":{"start":{"line":25,"column":11},"end":{"line":25,"column":35}},"type":"binary-expr","locations":[{"start":{"line":25,"column":11},"end":{"line":25,"column":27}},{"start":{"line":25,"column":31},"end":{"line":25,"column":35}}],"line":25}},"s":{"0":1,"1":1,"2":1,"3":1,"4":1,"5":2,"6":1,"7":1,"8":0,"9":0,"10":0,"11":1,"12":1,"13":1,"14":1,"15":1,"16":0,"17":0,"18":0,"19":0,"20":1,"21":1},"f":{"0":2,"1":0,"2":1,"3":0,"4":0},"b":{"0":[1,1],"1":[2,2],"2":[1,0]},"inputSourceMap":{"version":3,"sources":["server.js"],"names":["debug","process","on","error","name","message","exit","path","port","env","PORT","server","app","listen","close"],"mappings":";;;;;;;AAAA;;AACA;;AAWA;;;;AATA,IAAMA,KAAK,GAAG,uBAAM,MAAN,CAAd;AAEAC,OAAO,CAACC,EAAR,CAAW,mBAAX,EAAgC,UAACC,KAAD,EAAW;AACzCH,EAAAA,KAAK,CAAC,yCAAD,CAAL;AACAA,EAAAA,KAAK,CAACG,KAAK,CAACC,IAAP,EAAaD,KAAK,CAACE,OAAnB,CAAL;AACAJ,EAAAA,OAAO,CAACK,IAAR,CAAa,CAAb;AACD,CAJD;AAMA,oBAAO;AAAEC,EAAAA,IAAI,EAAE;AAAR,CAAP;AAGA,IAAMC,IAAI,GAAGP,OAAO,CAACQ,GAAR,CAAYC,IAAZ,IAAoB,IAAjC;;AACA,IAAMC,MAAM,GAAGC,gBAAIC,MAAJ,CAAWL,IAAX,EAAiB,YAAM;AACpCR,EAAAA,KAAK,+BAAwBQ,IAAxB,SAAL;AACD,CAFc,CAAf;;AAIAP,OAAO,CAACC,EAAR,CAAW,oBAAX,EAAiC,UAACC,KAAD,EAAW;AAC1CH,EAAAA,KAAK,CAAC,uCAAD,CAAL;AACAA,EAAAA,KAAK,CAACG,KAAK,CAACC,IAAP,EAAaD,KAAK,CAACE,OAAnB,CAAL;AACAM,EAAAA,MAAM,CAACG,KAAP,CAAa,YAAM;AACjBb,IAAAA,OAAO,CAACK,IAAR,CAAa,CAAb;AACD,GAFD;AAGD,CAND;eAQeK,M","sourceRoot":"/Users/onehub/personal/flutterwave/","sourcesContent":["import Debug from 'debug';\nimport { config } from 'dotenv';\n\nconst debug = Debug('http');\n\nprocess.on('uncaughtException', (error) => {\n  debug('UNCAUGHT EXCEPTION! 💥 Shutting down...');\n  debug(error.name, error.message);\n  process.exit(1);\n});\n\nconfig({ path: './config.env' });\nimport app from './server/app';\n\nconst port = process.env.PORT || 3000;\nconst server = app.listen(port, () => {\n  debug(`App running on port ${port}...`);\n});\n\nprocess.on('unhandledRejection', (error) => {\n  debug('UNHANDLED REJECTION! Shutting down...');\n  debug(error.name, error.message);\n  server.close(() => {\n    process.exit(1);\n  });\n});\n\nexport default server;\n"]},"_coverageSchema":"1a1c01bbd47fc00a2c39e90264f33305004495a9","hash":"716ae73978dd0bc034fcedb00fad8eb7ad413703","contentHash":"d7fccc8962edb962722de8e75fe1f094a83f9f3b239ca6b2911ae6d4d0a4c595"},"/Users/onehub/personal/flutterwave/server/app.js":{"path":"/Users/onehub/personal/flutterwave/server/app.js","statementMap":{"0":{"start":{"line":3,"column":0},"end":{"line":5,"column":3}},"1":{"start":{"line":6,"column":0},"end":{"line":6,"column":28}},"2":{"start":{"line":8,"column":15},"end":{"line":8,"column":57}},"3":{"start":{"line":10,"column":14},"end":{"line":10,"column":55}},"4":{"start":{"line":12,"column":24},"end":{"line":12,"column":77}},"5":{"start":{"line":14,"column":14},"end":{"line":14,"column":55}},"6":{"start":{"line":16,"column":28},"end":{"line":16,"column":85}},"7":{"start":{"line":18,"column":16},"end":{"line":18,"column":60}},"8":{"start":{"line":20,"column":0},"end":{"line":20,"column":27}},"9":{"start":{"line":22,"column":16},"end":{"line":22,"column":68}},"10":{"start":{"line":24,"column":19},"end":{"line":24,"column":74}},"11":{"start":{"line":26,"column":13},"end":{"line":26,"column":55}},"12":{"start":{"line":28,"column":39},"end":{"line":28,"column":95}},"13":{"start":{"line":30,"column":10},"end":{"line":30,"column":36}},"14":{"start":{"line":31,"column":0},"end":{"line":31,"column":35}},"15":{"start":{"line":32,"column":0},"end":{"line":32,"column":40}},"16":{"start":{"line":33,"column":14},"end":{"line":37,"column":2}},"17":{"start":{"line":38,"column":0},"end":{"line":38,"column":25}},"18":{"start":{"line":39,"column":0},"end":{"line":41,"column":4}},"19":{"start":{"line":42,"column":0},"end":{"line":45,"column":4}},"20":{"start":{"line":46,"column":0},"end":{"line":46,"column":49}},"21":{"start":{"line":47,"column":0},"end":{"line":47,"column":37}},"22":{"start":{"line":49,"column":13},"end":{"line":49,"column":41}},"23":{"start":{"line":51,"column":0},"end":{"line":51,"column":45}},"24":{"start":{"line":52,"column":0},"end":{"line":54,"column":3}},"25":{"start":{"line":53,"column":2},"end":{"line":53,"column":96}},"26":{"start":{"line":55,"column":0},"end":{"line":55,"column":33}},"27":{"start":{"line":56,"column":15},"end":{"line":56,"column":18}},"28":{"start":{"line":57,"column":0},"end":{"line":57,"column":30}}},"fnMap":{"0":{"name":"_interopRequireDefault","decl":{"start":{"line":28,"column":9},"end":{"line":28,"column":31}},"loc":{"start":{"line":28,"column":37},"end":{"line":28,"column":97}},"line":28},"1":{"name":"(anonymous_1)","decl":{"start":{"line":52,"column":13},"end":{"line":52,"column":14}},"loc":{"start":{"line":52,"column":39},"end":{"line":54,"column":1}},"line":52}},"branchMap":{"0":{"loc":{"start":{"line":28,"column":46},"end":{"line":28,"column":94}},"type":"cond-expr","locations":[{"start":{"line":28,"column":70},"end":{"line":28,"column":73}},{"start":{"line":28,"column":76},"end":{"line":28,"column":94}}],"line":28},"1":{"loc":{"start":{"line":28,"column":46},"end":{"line":28,"column":67}},"type":"binary-expr","locations":[{"start":{"line":28,"column":46},"end":{"line":28,"column":49}},{"start":{"line":28,"column":53},"end":{"line":28,"column":67}}],"line":28}},"s":{"0":1,"1":1,"2":1,"3":1,"4":1,"5":1,"6":1,"7":1,"8":1,"9":1,"10":1,"11":1,"12":9,"13":1,"14":1,"15":1,"16":1,"17":1,"18":1,"19":1,"20":1,"21":1,"22":1,"23":1,"24":1,"25":0,"26":1,"27":1,"28":1},"f":{"0":9,"1":0},"b":{"0":[3,6],"1":[9,9]},"inputSourceMap":{"version":3,"sources":["app.js"],"names":["app","use","limiter","windowMs","max","message","express","json","limit","urlencoded","extended","router","Router","all","req","res","next","AppError","originalUrl","globalError"],"mappings":";;;;;;;AAAA;;AACA;;AACA;;AACA;;AACA;;AACA;;AACA;;AAEA;;AACA;;AACA;;;;AAEA,IAAMA,GAAG,GAAG,0BAAZ;AAEAA,GAAG,CAACC,GAAJ,CAAQ,yBAAR;AACAD,GAAG,CAACC,GAAJ,CAAQ,wBAAO,KAAP,CAAR;AAEA,IAAMC,OAAO,GAAG,kCAAU;AACxBC,EAAAA,QAAQ,EAAE,KAAK,EAAL,GAAU,IADI;AAExBC,EAAAA,GAAG,EAAE,GAFmB;AAGxBC,EAAAA,OAAO,EAAE;AAHe,CAAV,CAAhB;AAKAL,GAAG,CAACC,GAAJ,CAAQ,MAAR,EAAgBC,OAAhB;AACAF,GAAG,CAACC,GAAJ,CAAQK,oBAAQC,IAAR,CAAa;AAAEC,EAAAA,KAAK,EAAE;AAAT,CAAb,CAAR;AACAR,GAAG,CAACC,GAAJ,CAAQK,oBAAQG,UAAR,CAAmB;AAAEC,EAAAA,QAAQ,EAAE,IAAZ;AAAkBF,EAAAA,KAAK,EAAE;AAAzB,CAAnB,CAAR;AACAR,GAAG,CAACC,GAAJ,CAAQ,uCAAR;AACAD,GAAG,CAACC,GAAJ,CAAQ,2BAAR;;AAEA,IAAMU,MAAM,GAAGL,oBAAQM,MAAR,EAAf;;AACAZ,GAAG,CAACC,GAAJ,CAAQ,GAAR,EAAa,uBAAMU,MAAN,CAAb;AAEAX,GAAG,CAACa,GAAJ,CAAQ,GAAR,EAAa,UAACC,GAAD,EAAMC,GAAN,EAAWC,IAAX,EAAoB;AAC/BA,EAAAA,IAAI,CAAC,IAAIC,oBAAJ,sBAA2BH,GAAG,CAACI,WAA/B,sBAA6D,GAA7D,CAAD,CAAJ;AACD,CAFD;AAIAlB,GAAG,CAACC,GAAJ,CAAQkB,uBAAR;eAEenB,G","sourceRoot":"/Users/onehub/personal/flutterwave/server/","sourcesContent":["import express from 'express';\nimport morgan from 'morgan';\nimport rateLimit from 'express-rate-limit';\nimport helmet from 'helmet';\nimport mongoSanitize from 'express-mongo-sanitize';\nimport xss from 'xss-clean';\nimport \"@babel/polyfill\";\n\nimport AppError from './utils/app-error';\nimport globalError from './utils/global-error';\nimport Route from './route';\n\nconst app = express();\n\napp.use(helmet());\napp.use(morgan('dev'));\n\nconst limiter = rateLimit({\n  windowMs: 60 * 60 * 1000,\n  max: 100,\n  message: 'Too many requests from this IP, please try again in an hour!',\n});\napp.use('/api', limiter);\napp.use(express.json({ limit: '10kb' }));\napp.use(express.urlencoded({ extended: true, limit: '10kb' }));\napp.use(mongoSanitize());\napp.use(xss());\n\nconst router = express.Router();\napp.use('/', Route(router));\n\napp.all('*', (req, res, next) => {\n  next(new AppError(`Can't find ${req.originalUrl} on this server`, 404));\n});\n\napp.use(globalError);\n\nexport default app;\n"]},"_coverageSchema":"1a1c01bbd47fc00a2c39e90264f33305004495a9","hash":"1056358a052b8a3de3db470b7ffb779761c16af6","contentHash":"8e974216db435a69af4caf44ac83d6ae1a67883d919a34c88921043252c98a20"},"/Users/onehub/personal/flutterwave/server/utils/app-error.js":{"path":"/Users/onehub/personal/flutterwave/server/utils/app-error.js","statementMap":{"0":{"start":{"line":3,"column":51},"end":{"line":3,"column":355}},"1":{"start":{"line":3,"column":126},"end":{"line":3,"column":181}},"2":{"start":{"line":3,"column":160},"end":{"line":3,"column":178}},"3":{"start":{"line":3,"column":191},"end":{"line":3,"column":353}},"4":{"start":{"line":3,"column":225},"end":{"line":3,"column":350}},"5":{"start":{"line":3,"column":356},"end":{"line":3,"column":376}},"6":{"start":{"line":5,"column":0},"end":{"line":7,"column":3}},"7":{"start":{"line":8,"column":0},"end":{"line":8,"column":28}},"8":{"start":{"line":10,"column":50},"end":{"line":10,"column":151}},"9":{"start":{"line":10,"column":92},"end":{"line":10,"column":149}},"10":{"start":{"line":12,"column":43},"end":{"line":12,"column":182}},"11":{"start":{"line":12,"column":106},"end":{"line":12,"column":180}},"12":{"start":{"line":12,"column":183},"end":{"line":12,"column":328}},"13":{"start":{"line":12,"column":329},"end":{"line":12,"column":383}},"14":{"start":{"line":12,"column":345},"end":{"line":12,"column":383}},"15":{"start":{"line":14,"column":65},"end":{"line":14,"column":92}},"16":{"start":{"line":14,"column":94},"end":{"line":14,"column":423}},"17":{"start":{"line":14,"column":147},"end":{"line":14,"column":171}},"18":{"start":{"line":14,"column":181},"end":{"line":14,"column":371}},"19":{"start":{"line":14,"column":230},"end":{"line":14,"column":263}},"20":{"start":{"line":14,"column":265},"end":{"line":14,"column":321}},"21":{"start":{"line":14,"column":331},"end":{"line":14,"column":369}},"22":{"start":{"line":14,"column":372},"end":{"line":14,"column":420}},"23":{"start":{"line":16,"column":50},"end":{"line":16,"column":138}},"24":{"start":{"line":16,"column":124},"end":{"line":16,"column":136}},"25":{"start":{"line":16,"column":139},"end":{"line":16,"column":175}},"26":{"start":{"line":18,"column":40},"end":{"line":18,"column":151}},"27":{"start":{"line":18,"column":63},"end":{"line":18,"column":149}},"28":{"start":{"line":18,"column":152},"end":{"line":18,"column":164}},"29":{"start":{"line":20,"column":48},"end":{"line":20,"column":97}},"30":{"start":{"line":20,"column":99},"end":{"line":20,"column":725}},"31":{"start":{"line":20,"column":153},"end":{"line":20,"column":215}},"32":{"start":{"line":20,"column":202},"end":{"line":20,"column":215}},"33":{"start":{"line":20,"column":216},"end":{"line":20,"column":327}},"34":{"start":{"line":20,"column":251},"end":{"line":20,"column":325}},"35":{"start":{"line":20,"column":328},"end":{"line":20,"column":443}},"36":{"start":{"line":20,"column":365},"end":{"line":20,"column":413}},"37":{"start":{"line":20,"column":388},"end":{"line":20,"column":413}},"38":{"start":{"line":20,"column":414},"end":{"line":20,"column":441}},"39":{"start":{"line":20,"column":465},"end":{"line":20,"column":536}},"40":{"start":{"line":20,"column":539},"end":{"line":20,"column":682}},"41":{"start":{"line":20,"column":683},"end":{"line":20,"column":722}},"42":{"start":{"line":20,"column":726},"end":{"line":20,"column":757}},"43":{"start":{"line":22,"column":43},"end":{"line":22,"column":374}},"44":{"start":{"line":22,"column":78},"end":{"line":22,"column":109}},"45":{"start":{"line":22,"column":119},"end":{"line":22,"column":372}},"46":{"start":{"line":22,"column":183},"end":{"line":22,"column":189}},"47":{"start":{"line":22,"column":191},"end":{"line":22,"column":213}},"48":{"start":{"line":22,"column":232},"end":{"line":22,"column":262}},"49":{"start":{"line":22,"column":279},"end":{"line":22,"column":296}},"50":{"start":{"line":22,"column":298},"end":{"line":22,"column":352}},"51":{"start":{"line":22,"column":309},"end":{"line":22,"column":352}},"52":{"start":{"line":22,"column":353},"end":{"line":22,"column":369}},"53":{"start":{"line":22,"column":375},"end":{"line":22,"column":416}},"54":{"start":{"line":24,"column":39},"end":{"line":24,"column":110}},"55":{"start":{"line":24,"column":97},"end":{"line":24,"column":110}},"56":{"start":{"line":24,"column":111},"end":{"line":24,"column":152}},"57":{"start":{"line":24,"column":139},"end":{"line":24,"column":152}},"58":{"start":{"line":24,"column":153},"end":{"line":24,"column":198}},"59":{"start":{"line":24,"column":186},"end":{"line":24,"column":198}},"60":{"start":{"line":24,"column":199},"end":{"line":24,"column":322}},"61":{"start":{"line":24,"column":205},"end":{"line":24,"column":279}},"62":{"start":{"line":24,"column":280},"end":{"line":24,"column":292}},"63":{"start":{"line":24,"column":307},"end":{"line":24,"column":320}},"64":{"start":{"line":26,"column":33},"end":{"line":26,"column":99}},"65":{"start":{"line":28,"column":33},"end":{"line":28,"column":138}},"66":{"start":{"line":28,"column":109},"end":{"line":28,"column":125}},"67":{"start":{"line":28,"column":126},"end":{"line":28,"column":135}},"68":{"start":{"line":28,"column":139},"end":{"line":28,"column":168}},"69":{"start":{"line":30,"column":30},"end":{"line":30,"column":176}},"70":{"start":{"line":30,"column":126},"end":{"line":30,"column":173}},"71":{"start":{"line":30,"column":177},"end":{"line":30,"column":203}},"72":{"start":{"line":32,"column":28},"end":{"line":51,"column":40}},"73":{"start":{"line":33,"column":2},"end":{"line":33,"column":30}},"74":{"start":{"line":35,"column":15},"end":{"line":35,"column":37}},"75":{"start":{"line":40,"column":4},"end":{"line":40,"column":36}},"76":{"start":{"line":42,"column":4},"end":{"line":42,"column":39}},"77":{"start":{"line":43,"column":4},"end":{"line":43,"column":34}},"78":{"start":{"line":44,"column":4},"end":{"line":44,"column":76}},"79":{"start":{"line":45,"column":4},"end":{"line":45,"column":31}},"80":{"start":{"line":46,"column":4},"end":{"line":46,"column":78}},"81":{"start":{"line":47,"column":4},"end":{"line":47,"column":17}},"82":{"start":{"line":50,"column":2},"end":{"line":50,"column":18}},"83":{"start":{"line":53,"column":0},"end":{"line":53,"column":30}}},"fnMap":{"0":{"name":"_typeof","decl":{"start":{"line":3,"column":9},"end":{"line":3,"column":16}},"loc":{"start":{"line":3,"column":22},"end":{"line":3,"column":378}},"line":3},"1":{"name":"_typeof","decl":{"start":{"line":3,"column":145},"end":{"line":3,"column":152}},"loc":{"start":{"line":3,"column":158},"end":{"line":3,"column":180}},"line":3},"2":{"name":"_typeof","decl":{"start":{"line":3,"column":210},"end":{"line":3,"column":217}},"loc":{"start":{"line":3,"column":223},"end":{"line":3,"column":352}},"line":3},"3":{"name":"_classCallCheck","decl":{"start":{"line":10,"column":9},"end":{"line":10,"column":24}},"loc":{"start":{"line":10,"column":48},"end":{"line":10,"column":153}},"line":10},"4":{"name":"_inherits","decl":{"start":{"line":12,"column":9},"end":{"line":12,"column":18}},"loc":{"start":{"line":12,"column":41},"end":{"line":12,"column":385}},"line":12},"5":{"name":"_createSuper","decl":{"start":{"line":14,"column":9},"end":{"line":14,"column":21}},"loc":{"start":{"line":14,"column":31},"end":{"line":14,"column":425}},"line":14},"6":{"name":"_createSuperInternal","decl":{"start":{"line":14,"column":110},"end":{"line":14,"column":130}},"loc":{"start":{"line":14,"column":133},"end":{"line":14,"column":422}},"line":14},"7":{"name":"_possibleConstructorReturn","decl":{"start":{"line":16,"column":9},"end":{"line":16,"column":35}},"loc":{"start":{"line":16,"column":48},"end":{"line":16,"column":177}},"line":16},"8":{"name":"_assertThisInitialized","decl":{"start":{"line":18,"column":9},"end":{"line":18,"column":31}},"loc":{"start":{"line":18,"column":38},"end":{"line":18,"column":166}},"line":18},"9":{"name":"_wrapNativeSuper","decl":{"start":{"line":20,"column":9},"end":{"line":20,"column":25}},"loc":{"start":{"line":20,"column":33},"end":{"line":20,"column":759}},"line":20},"10":{"name":"_wrapNativeSuper","decl":{"start":{"line":20,"column":127},"end":{"line":20,"column":143}},"loc":{"start":{"line":20,"column":151},"end":{"line":20,"column":724}},"line":20},"11":{"name":"Wrapper","decl":{"start":{"line":20,"column":453},"end":{"line":20,"column":460}},"loc":{"start":{"line":20,"column":463},"end":{"line":20,"column":538}},"line":20},"12":{"name":"_construct","decl":{"start":{"line":22,"column":9},"end":{"line":22,"column":19}},"loc":{"start":{"line":22,"column":41},"end":{"line":22,"column":418}},"line":22},"13":{"name":"_construct","decl":{"start":{"line":22,"column":141},"end":{"line":22,"column":151}},"loc":{"start":{"line":22,"column":173},"end":{"line":22,"column":371}},"line":22},"14":{"name":"_isNativeReflectConstruct","decl":{"start":{"line":24,"column":9},"end":{"line":24,"column":34}},"loc":{"start":{"line":24,"column":37},"end":{"line":24,"column":324}},"line":24},"15":{"name":"(anonymous_15)","decl":{"start":{"line":24,"column":262},"end":{"line":24,"column":263}},"loc":{"start":{"line":24,"column":274},"end":{"line":24,"column":276}},"line":24},"16":{"name":"_isNativeFunction","decl":{"start":{"line":26,"column":9},"end":{"line":26,"column":26}},"loc":{"start":{"line":26,"column":31},"end":{"line":26,"column":101}},"line":26},"17":{"name":"_setPrototypeOf","decl":{"start":{"line":28,"column":9},"end":{"line":28,"column":24}},"loc":{"start":{"line":28,"column":31},"end":{"line":28,"column":170}},"line":28},"18":{"name":"_setPrototypeOf","decl":{"start":{"line":28,"column":85},"end":{"line":28,"column":100}},"loc":{"start":{"line":28,"column":107},"end":{"line":28,"column":137}},"line":28},"19":{"name":"_getPrototypeOf","decl":{"start":{"line":30,"column":9},"end":{"line":30,"column":24}},"loc":{"start":{"line":30,"column":28},"end":{"line":30,"column":205}},"line":30},"20":{"name":"_getPrototypeOf","decl":{"start":{"line":30,"column":105},"end":{"line":30,"column":120}},"loc":{"start":{"line":30,"column":124},"end":{"line":30,"column":175}},"line":30},"21":{"name":"(anonymous_21)","decl":{"start":{"line":32,"column":28},"end":{"line":32,"column":29}},"loc":{"start":{"line":32,"column":46},"end":{"line":51,"column":1}},"line":32},"22":{"name":"AppError","decl":{"start":{"line":37,"column":11},"end":{"line":37,"column":19}},"loc":{"start":{"line":37,"column":41},"end":{"line":48,"column":3}},"line":37}},"branchMap":{"0":{"loc":{"start":{"line":3,"column":51},"end":{"line":3,"column":355}},"type":"if","locations":[{"start":{"line":3,"column":51},"end":{"line":3,"column":355}},{"start":{"line":3,"column":51},"end":{"line":3,"column":355}}],"line":3},"1":{"loc":{"start":{"line":3,"column":55},"end":{"line":3,"column":122}},"type":"binary-expr","locations":[{"start":{"line":3,"column":55},"end":{"line":3,"column":83}},{"start":{"line":3,"column":87},"end":{"line":3,"column":122}}],"line":3},"2":{"loc":{"start":{"line":3,"column":232},"end":{"line":3,"column":349}},"type":"cond-expr","locations":[{"start":{"line":3,"column":328},"end":{"line":3,"column":336}},{"start":{"line":3,"column":339},"end":{"line":3,"column":349}}],"line":3},"3":{"loc":{"start":{"line":3,"column":232},"end":{"line":3,"column":325}},"type":"binary-expr","locations":[{"start":{"line":3,"column":232},"end":{"line":3,"column":235}},{"start":{"line":3,"column":239},"end":{"line":3,"column":267}},{"start":{"line":3,"column":271},"end":{"line":3,"column":297}},{"start":{"line":3,"column":301},"end":{"line":3,"column":325}}],"line":3},"4":{"loc":{"start":{"line":10,"column":50},"end":{"line":10,"column":151}},"type":"if","locations":[{"start":{"line":10,"column":50},"end":{"line":10,"column":151}},{"start":{"line":10,"column":50},"end":{"line":10,"column":151}}],"line":10},"5":{"loc":{"start":{"line":12,"column":43},"end":{"line":12,"column":182}},"type":"if","locations":[{"start":{"line":12,"column":43},"end":{"line":12,"column":182}},{"start":{"line":12,"column":43},"end":{"line":12,"column":182}}],"line":12},"6":{"loc":{"start":{"line":12,"column":47},"end":{"line":12,"column":102}},"type":"binary-expr","locations":[{"start":{"line":12,"column":47},"end":{"line":12,"column":79}},{"start":{"line":12,"column":83},"end":{"line":12,"column":102}}],"line":12},"7":{"loc":{"start":{"line":12,"column":218},"end":{"line":12,"column":252}},"type":"binary-expr","locations":[{"start":{"line":12,"column":218},"end":{"line":12,"column":228}},{"start":{"line":12,"column":232},"end":{"line":12,"column":252}}],"line":12},"8":{"loc":{"start":{"line":12,"column":329},"end":{"line":12,"column":383}},"type":"if","locations":[{"start":{"line":12,"column":329},"end":{"line":12,"column":383}},{"start":{"line":12,"column":329},"end":{"line":12,"column":383}}],"line":12},"9":{"loc":{"start":{"line":14,"column":181},"end":{"line":14,"column":371}},"type":"if","locations":[{"start":{"line":14,"column":181},"end":{"line":14,"column":371}},{"start":{"line":14,"column":181},"end":{"line":14,"column":371}}],"line":14},"10":{"loc":{"start":{"line":16,"column":50},"end":{"line":16,"column":138}},"type":"if","locations":[{"start":{"line":16,"column":50},"end":{"line":16,"column":138}},{"start":{"line":16,"column":50},"end":{"line":16,"column":138}}],"line":16},"11":{"loc":{"start":{"line":16,"column":54},"end":{"line":16,"column":120}},"type":"binary-expr","locations":[{"start":{"line":16,"column":54},"end":{"line":16,"column":58}},{"start":{"line":16,"column":63},"end":{"line":16,"column":89}},{"start":{"line":16,"column":93},"end":{"line":16,"column":119}}],"line":16},"12":{"loc":{"start":{"line":18,"column":40},"end":{"line":18,"column":151}},"type":"if","locations":[{"start":{"line":18,"column":40},"end":{"line":18,"column":151}},{"start":{"line":18,"column":40},"end":{"line":18,"column":151}}],"line":18},"13":{"loc":{"start":{"line":20,"column":48},"end":{"line":20,"column":97}},"type":"cond-expr","locations":[{"start":{"line":20,"column":76},"end":{"line":20,"column":85}},{"start":{"line":20,"column":88},"end":{"line":20,"column":97}}],"line":20},"14":{"loc":{"start":{"line":20,"column":153},"end":{"line":20,"column":215}},"type":"if","locations":[{"start":{"line":20,"column":153},"end":{"line":20,"column":215}},{"start":{"line":20,"column":153},"end":{"line":20,"column":215}}],"line":20},"15":{"loc":{"start":{"line":20,"column":157},"end":{"line":20,"column":200}},"type":"binary-expr","locations":[{"start":{"line":20,"column":157},"end":{"line":20,"column":171}},{"start":{"line":20,"column":175},"end":{"line":20,"column":200}}],"line":20},"16":{"loc":{"start":{"line":20,"column":216},"end":{"line":20,"column":327}},"type":"if","locations":[{"start":{"line":20,"column":216},"end":{"line":20,"column":327}},{"start":{"line":20,"column":216},"end":{"line":20,"column":327}}],"line":20},"17":{"loc":{"start":{"line":20,"column":328},"end":{"line":20,"column":443}},"type":"if","locations":[{"start":{"line":20,"column":328},"end":{"line":20,"column":443}},{"start":{"line":20,"column":328},"end":{"line":20,"column":443}}],"line":20},"18":{"loc":{"start":{"line":20,"column":365},"end":{"line":20,"column":413}},"type":"if","locations":[{"start":{"line":20,"column":365},"end":{"line":20,"column":413}},{"start":{"line":20,"column":365},"end":{"line":20,"column":413}}],"line":20},"19":{"loc":{"start":{"line":22,"column":43},"end":{"line":22,"column":374}},"type":"if","locations":[{"start":{"line":22,"column":43},"end":{"line":22,"column":374}},{"start":{"line":22,"column":43},"end":{"line":22,"column":374}}],"line":22},"20":{"loc":{"start":{"line":22,"column":298},"end":{"line":22,"column":352}},"type":"if","locations":[{"start":{"line":22,"column":298},"end":{"line":22,"column":352}},{"start":{"line":22,"column":298},"end":{"line":22,"column":352}}],"line":22},"21":{"loc":{"start":{"line":24,"column":39},"end":{"line":24,"column":110}},"type":"if","locations":[{"start":{"line":24,"column":39},"end":{"line":24,"column":110}},{"start":{"line":24,"column":39},"end":{"line":24,"column":110}}],"line":24},"22":{"loc":{"start":{"line":24,"column":43},"end":{"line":24,"column":95}},"type":"binary-expr","locations":[{"start":{"line":24,"column":43},"end":{"line":24,"column":73}},{"start":{"line":24,"column":77},"end":{"line":24,"column":95}}],"line":24},"23":{"loc":{"start":{"line":24,"column":111},"end":{"line":24,"column":152}},"type":"if","locations":[{"start":{"line":24,"column":111},"end":{"line":24,"column":152}},{"start":{"line":24,"column":111},"end":{"line":24,"column":152}}],"line":24},"24":{"loc":{"start":{"line":24,"column":153},"end":{"line":24,"column":198}},"type":"if","locations":[{"start":{"line":24,"column":153},"end":{"line":24,"column":198}},{"start":{"line":24,"column":153},"end":{"line":24,"column":198}}],"line":24},"25":{"loc":{"start":{"line":28,"column":51},"end":{"line":28,"column":137}},"type":"binary-expr","locations":[{"start":{"line":28,"column":51},"end":{"line":28,"column":72}},{"start":{"line":28,"column":76},"end":{"line":28,"column":137}}],"line":28},"26":{"loc":{"start":{"line":30,"column":48},"end":{"line":30,"column":175}},"type":"cond-expr","locations":[{"start":{"line":30,"column":72},"end":{"line":30,"column":93}},{"start":{"line":30,"column":96},"end":{"line":30,"column":175}}],"line":30},"27":{"loc":{"start":{"line":30,"column":133},"end":{"line":30,"column":172}},"type":"binary-expr","locations":[{"start":{"line":30,"column":133},"end":{"line":30,"column":144}},{"start":{"line":30,"column":148},"end":{"line":30,"column":172}}],"line":30},"28":{"loc":{"start":{"line":44,"column":19},"end":{"line":44,"column":75}},"type":"cond-expr","locations":[{"start":{"line":44,"column":59},"end":{"line":44,"column":65}},{"start":{"line":44,"column":68},"end":{"line":44,"column":75}}],"line":44}},"s":{"0":0,"1":0,"2":0,"3":0,"4":0,"5":0,"6":1,"7":1,"8":0,"9":0,"10":1,"11":0,"12":1,"13":1,"14":1,"15":1,"16":1,"17":0,"18":0,"19":0,"20":0,"21":0,"22":0,"23":0,"24":0,"25":0,"26":0,"27":0,"28":0,"29":1,"30":1,"31":1,"32":0,"33":1,"34":0,"35":1,"36":1,"37":0,"38":1,"39":0,"40":1,"41":1,"42":1,"43":0,"44":0,"45":0,"46":0,"47":0,"48":0,"49":0,"50":0,"51":0,"52":0,"53":0,"54":1,"55":0,"56":1,"57":0,"58":1,"59":1,"60":0,"61":0,"62":0,"63":0,"64":1,"65":1,"66":0,"67":0,"68":1,"69":0,"70":0,"71":0,"72":1,"73":1,"74":1,"75":0,"76":0,"77":0,"78":0,"79":0,"80":0,"81":0,"82":1,"83":1},"f":{"0":0,"1":0,"2":0,"3":0,"4":1,"5":1,"6":0,"7":0,"8":0,"9":1,"10":1,"11":0,"12":0,"13":0,"14":1,"15":0,"16":1,"17":1,"18":0,"19":0,"20":0,"21":1,"22":0},"b":{"0":[0,0],"1":[0,0],"2":[0,0],"3":[0,0,0,0],"4":[0,0],"5":[0,1],"6":[1,0],"7":[1,1],"8":[1,0],"9":[0,0],"10":[0,0],"11":[0,0,0],"12":[0,0],"13":[1,0],"14":[0,1],"15":[1,1],"16":[0,1],"17":[1,0],"18":[0,1],"19":[0,0],"20":[0,0],"21":[0,1],"22":[1,1],"23":[0,1],"24":[1,0],"25":[1,0],"26":[0,0],"27":[0,0],"28":[0,0]},"inputSourceMap":{"version":3,"sources":["app-error.js"],"names":["AppError","message","statusCode","status","startsWith","isOperational","Error","captureStackTrace","constructor"],"mappings":";;;;;;;;;;;;;;;;;;;;;;;;;;;;;;;IAAqBA,Q;;;;;AACnB,oBAAYC,OAAZ,EAAqBC,UAArB,EAAiC;AAAA;;AAAA;;AAC/B,8BAAMD,OAAN;AAEA,UAAKC,UAAL,GAAkBA,UAAlB;AACA,UAAKC,MAAL,GAAc,UAAGD,UAAH,EAAgBE,UAAhB,CAA2B,GAA3B,IAAkC,MAAlC,GAA2C,OAAzD;AACA,UAAKC,aAAL,GAAqB,IAArB;AAEAC,IAAAA,KAAK,CAACC,iBAAN,gCAA8B,MAAKC,WAAnC;AAP+B;AAQhC;;;iCATmCF,K","sourceRoot":"/Users/onehub/personal/flutterwave/server/utils/","sourcesContent":["export default class AppError extends Error {\n  constructor(message, statusCode) {\n    super(message);\n\n    this.statusCode = statusCode;\n    this.status = `${statusCode}`.startsWith(\"4\") ? \"fail\" : \"error\";\n    this.isOperational = true;\n\n    Error.captureStackTrace(this, this.constructor);\n  }\n}\n"]},"_coverageSchema":"1a1c01bbd47fc00a2c39e90264f33305004495a9","hash":"2de469ef88c53bb76f696b93666e2ccadf03e1bc","contentHash":"e8f3d73e3c57cfb297d141cda20cf879cea87c65e47f0553cfada023acbd85c1"},"/Users/onehub/personal/flutterwave/server/utils/global-error.js":{"path":"/Users/onehub/personal/flutterwave/server/utils/global-error.js","statementMap":{"0":{"start":{"line":3,"column":0},"end":{"line":5,"column":3}},"1":{"start":{"line":6,"column":0},"end":{"line":6,"column":28}},"2":{"start":{"line":8,"column":16},"end":{"line":8,"column":62}},"3":{"start":{"line":10,"column":39},"end":{"line":10,"column":95}},"4":{"start":{"line":12,"column":54},"end":{"line":12,"column":73}},"5":{"start":{"line":12,"column":75},"end":{"line":12,"column":326}},"6":{"start":{"line":12,"column":125},"end":{"line":12,"column":161}},"7":{"start":{"line":12,"column":163},"end":{"line":12,"column":292}},"8":{"start":{"line":12,"column":183},"end":{"line":12,"column":292}},"9":{"start":{"line":12,"column":225},"end":{"line":12,"column":288}},"10":{"start":{"line":12,"column":293},"end":{"line":12,"column":324}},"11":{"start":{"line":12,"column":327},"end":{"line":12,"column":339}},"12":{"start":{"line":14,"column":33},"end":{"line":14,"column":517}},"13":{"start":{"line":14,"column":46},"end":{"line":14,"column":47}},"14":{"start":{"line":14,"column":91},"end":{"line":14,"column":131}},"15":{"start":{"line":14,"column":133},"end":{"line":14,"column":515}},"16":{"start":{"line":14,"column":146},"end":{"line":14,"column":247}},"17":{"start":{"line":14,"column":201},"end":{"line":14,"column":243}},"18":{"start":{"line":14,"column":255},"end":{"line":14,"column":515}},"19":{"start":{"line":14,"column":295},"end":{"line":14,"column":369}},"20":{"start":{"line":14,"column":379},"end":{"line":14,"column":513}},"21":{"start":{"line":14,"column":428},"end":{"line":14,"column":509}},"22":{"start":{"line":14,"column":518},"end":{"line":14,"column":532}},"23":{"start":{"line":16,"column":44},"end":{"line":16,"column":195}},"24":{"start":{"line":16,"column":62},"end":{"line":16,"column":166}},"25":{"start":{"line":16,"column":176},"end":{"line":16,"column":193}},"26":{"start":{"line":16,"column":196},"end":{"line":16,"column":207}},"27":{"start":{"line":18,"column":24},"end":{"line":21,"column":1}},"28":{"start":{"line":19,"column":16},"end":{"line":19,"column":71}},"29":{"start":{"line":20,"column":2},"end":{"line":20,"column":48}},"30":{"start":{"line":23,"column":30},"end":{"line":26,"column":1}},"31":{"start":{"line":24,"column":16},"end":{"line":24,"column":100}},"32":{"start":{"line":25,"column":2},"end":{"line":25,"column":48}},"33":{"start":{"line":28,"column":30},"end":{"line":34,"column":1}},"34":{"start":{"line":29,"column":15},"end":{"line":31,"column":4}},"35":{"start":{"line":30,"column":4},"end":{"line":30,"column":27}},"36":{"start":{"line":32,"column":16},"end":{"line":32,"column":64}},"37":{"start":{"line":33,"column":2},"end":{"line":33,"column":48}},"38":{"start":{"line":36,"column":19},"end":{"line":45,"column":1}},"39":{"start":{"line":37,"column":2},"end":{"line":44,"column":3}},"40":{"start":{"line":38,"column":4},"end":{"line":43,"column":7}},"41":{"start":{"line":47,"column":20},"end":{"line":63,"column":1}},"42":{"start":{"line":48,"column":2},"end":{"line":62,"column":3}},"43":{"start":{"line":50,"column":4},"end":{"line":55,"column":5}},"44":{"start":{"line":51,"column":6},"end":{"line":54,"column":9}},"45":{"start":{"line":58,"column":4},"end":{"line":61,"column":7}},"46":{"start":{"line":65,"column":15},"end":{"line":80,"column":1}},"47":{"start":{"line":66,"column":2},"end":{"line":66,"column":45}},"48":{"start":{"line":67,"column":2},"end":{"line":67,"column":41}},"49":{"start":{"line":69,"column":2},"end":{"line":79,"column":3}},"50":{"start":{"line":70,"column":4},"end":{"line":70,"column":34}},"51":{"start":{"line":71,"column":9},"end":{"line":79,"column":3}},"52":{"start":{"line":72,"column":19},"end":{"line":72,"column":43}},"53":{"start":{"line":74,"column":4},"end":{"line":74,"column":37}},"54":{"start":{"line":75,"column":4},"end":{"line":75,"column":77}},"55":{"start":{"line":75,"column":38},"end":{"line":75,"column":77}},"56":{"start":{"line":76,"column":4},"end":{"line":76,"column":78}},"57":{"start":{"line":76,"column":33},"end":{"line":76,"column":78}},"58":{"start":{"line":77,"column":4},"end":{"line":77,"column":96}},"59":{"start":{"line":77,"column":51},"end":{"line":77,"column":96}},"60":{"start":{"line":78,"column":4},"end":{"line":78,"column":38}},"61":{"start":{"line":82,"column":0},"end":{"line":82,"column":30}}},"fnMap":{"0":{"name":"_interopRequireDefault","decl":{"start":{"line":10,"column":9},"end":{"line":10,"column":31}},"loc":{"start":{"line":10,"column":37},"end":{"line":10,"column":97}},"line":10},"1":{"name":"ownKeys","decl":{"start":{"line":12,"column":9},"end":{"line":12,"column":16}},"loc":{"start":{"line":12,"column":41},"end":{"line":12,"column":341}},"line":12},"2":{"name":"(anonymous_2)","decl":{"start":{"line":12,"column":208},"end":{"line":12,"column":209}},"loc":{"start":{"line":12,"column":223},"end":{"line":12,"column":290}},"line":12},"3":{"name":"_objectSpread","decl":{"start":{"line":14,"column":9},"end":{"line":14,"column":22}},"loc":{"start":{"line":14,"column":31},"end":{"line":14,"column":534}},"line":14},"4":{"name":"(anonymous_4)","decl":{"start":{"line":14,"column":184},"end":{"line":14,"column":185}},"loc":{"start":{"line":14,"column":199},"end":{"line":14,"column":245}},"line":14},"5":{"name":"(anonymous_5)","decl":{"start":{"line":14,"column":411},"end":{"line":14,"column":412}},"loc":{"start":{"line":14,"column":426},"end":{"line":14,"column":511}},"line":14},"6":{"name":"_defineProperty","decl":{"start":{"line":16,"column":9},"end":{"line":16,"column":24}},"loc":{"start":{"line":16,"column":42},"end":{"line":16,"column":209}},"line":16},"7":{"name":"handleCastErrorDB","decl":{"start":{"line":18,"column":33},"end":{"line":18,"column":50}},"loc":{"start":{"line":18,"column":58},"end":{"line":21,"column":1}},"line":18},"8":{"name":"handleDuplicateFieldsDB","decl":{"start":{"line":23,"column":39},"end":{"line":23,"column":62}},"loc":{"start":{"line":23,"column":70},"end":{"line":26,"column":1}},"line":23},"9":{"name":"handleValidationErrorDB","decl":{"start":{"line":28,"column":39},"end":{"line":28,"column":62}},"loc":{"start":{"line":28,"column":70},"end":{"line":34,"column":1}},"line":28},"10":{"name":"(anonymous_10)","decl":{"start":{"line":29,"column":47},"end":{"line":29,"column":48}},"loc":{"start":{"line":29,"column":66},"end":{"line":31,"column":3}},"line":29},"11":{"name":"sendErrorDev","decl":{"start":{"line":36,"column":28},"end":{"line":36,"column":40}},"loc":{"start":{"line":36,"column":58},"end":{"line":45,"column":1}},"line":36},"12":{"name":"sendErrorProd","decl":{"start":{"line":47,"column":29},"end":{"line":47,"column":42}},"loc":{"start":{"line":47,"column":60},"end":{"line":63,"column":1}},"line":47},"13":{"name":"_default","decl":{"start":{"line":65,"column":24},"end":{"line":65,"column":32}},"loc":{"start":{"line":65,"column":56},"end":{"line":80,"column":1}},"line":65}},"branchMap":{"0":{"loc":{"start":{"line":10,"column":46},"end":{"line":10,"column":94}},"type":"cond-expr","locations":[{"start":{"line":10,"column":70},"end":{"line":10,"column":73}},{"start":{"line":10,"column":76},"end":{"line":10,"column":94}}],"line":10},"1":{"loc":{"start":{"line":10,"column":46},"end":{"line":10,"column":67}},"type":"binary-expr","locations":[{"start":{"line":10,"column":46},"end":{"line":10,"column":49}},{"start":{"line":10,"column":53},"end":{"line":10,"column":67}}],"line":10},"2":{"loc":{"start":{"line":12,"column":75},"end":{"line":12,"column":326}},"type":"if","locations":[{"start":{"line":12,"column":75},"end":{"line":12,"column":326}},{"start":{"line":12,"column":75},"end":{"line":12,"column":326}}],"line":12},"3":{"loc":{"start":{"line":12,"column":163},"end":{"line":12,"column":292}},"type":"if","locations":[{"start":{"line":12,"column":163},"end":{"line":12,"column":292}},{"start":{"line":12,"column":163},"end":{"line":12,"column":292}}],"line":12},"4":{"loc":{"start":{"line":14,"column":91},"end":{"line":14,"column":131}},"type":"cond-expr","locations":[{"start":{"line":14,"column":114},"end":{"line":14,"column":126}},{"start":{"line":14,"column":129},"end":{"line":14,"column":131}}],"line":14},"5":{"loc":{"start":{"line":14,"column":133},"end":{"line":14,"column":515}},"type":"if","locations":[{"start":{"line":14,"column":133},"end":{"line":14,"column":515}},{"start":{"line":14,"column":133},"end":{"line":14,"column":515}}],"line":14},"6":{"loc":{"start":{"line":14,"column":255},"end":{"line":14,"column":515}},"type":"if","locations":[{"start":{"line":14,"column":255},"end":{"line":14,"column":515}},{"start":{"line":14,"column":255},"end":{"line":14,"column":515}}],"line":14},"7":{"loc":{"start":{"line":16,"column":44},"end":{"line":16,"column":195}},"type":"if","locations":[{"start":{"line":16,"column":44},"end":{"line":16,"column":195}},{"start":{"line":16,"column":44},"end":{"line":16,"column":195}}],"line":16},"8":{"loc":{"start":{"line":37,"column":2},"end":{"line":44,"column":3}},"type":"if","locations":[{"start":{"line":37,"column":2},"end":{"line":44,"column":3}},{"start":{"line":37,"column":2},"end":{"line":44,"column":3}}],"line":37},"9":{"loc":{"start":{"line":48,"column":2},"end":{"line":62,"column":3}},"type":"if","locations":[{"start":{"line":48,"column":2},"end":{"line":62,"column":3}},{"start":{"line":48,"column":2},"end":{"line":62,"column":3}}],"line":48},"10":{"loc":{"start":{"line":50,"column":4},"end":{"line":55,"column":5}},"type":"if","locations":[{"start":{"line":50,"column":4},"end":{"line":55,"column":5}},{"start":{"line":50,"column":4},"end":{"line":55,"column":5}}],"line":50},"11":{"loc":{"start":{"line":66,"column":21},"end":{"line":66,"column":44}},"type":"binary-expr","locations":[{"start":{"line":66,"column":21},"end":{"line":66,"column":37}},{"start":{"line":66,"column":41},"end":{"line":66,"column":44}}],"line":66},"12":{"loc":{"start":{"line":67,"column":17},"end":{"line":67,"column":40}},"type":"binary-expr","locations":[{"start":{"line":67,"column":17},"end":{"line":67,"column":29}},{"start":{"line":67,"column":33},"end":{"line":67,"column":40}}],"line":67},"13":{"loc":{"start":{"line":69,"column":2},"end":{"line":79,"column":3}},"type":"if","locations":[{"start":{"line":69,"column":2},"end":{"line":79,"column":3}},{"start":{"line":69,"column":2},"end":{"line":79,"column":3}}],"line":69},"14":{"loc":{"start":{"line":71,"column":9},"end":{"line":79,"column":3}},"type":"if","locations":[{"start":{"line":71,"column":9},"end":{"line":79,"column":3}},{"start":{"line":71,"column":9},"end":{"line":79,"column":3}}],"line":71},"15":{"loc":{"start":{"line":75,"column":4},"end":{"line":75,"column":77}},"type":"if","locations":[{"start":{"line":75,"column":4},"end":{"line":75,"column":77}},{"start":{"line":75,"column":4},"end":{"line":75,"column":77}}],"line":75},"16":{"loc":{"start":{"line":76,"column":4},"end":{"line":76,"column":78}},"type":"if","locations":[{"start":{"line":76,"column":4},"end":{"line":76,"column":78}},{"start":{"line":76,"column":4},"end":{"line":76,"column":78}}],"line":76},"17":{"loc":{"start":{"line":77,"column":4},"end":{"line":77,"column":96}},"type":"if","locations":[{"start":{"line":77,"column":4},"end":{"line":77,"column":96}},{"start":{"line":77,"column":4},"end":{"line":77,"column":96}}],"line":77}},"s":{"0":1,"1":1,"2":1,"3":1,"4":0,"5":0,"6":0,"7":0,"8":0,"9":0,"10":0,"11":0,"12":0,"13":0,"14":0,"15":0,"16":0,"17":0,"18":0,"19":0,"20":0,"21":0,"22":0,"23":0,"24":0,"25":0,"26":0,"27":1,"28":0,"29":0,"30":1,"31":0,"32":0,"33":1,"34":0,"35":0,"36":0,"37":0,"38":1,"39":0,"40":0,"41":1,"42":0,"43":0,"44":0,"45":0,"46":1,"47":0,"48":0,"49":0,"50":0,"51":0,"52":0,"53":0,"54":0,"55":0,"56":0,"57":0,"58":0,"59":0,"60":0,"61":1},"f":{"0":1,"1":0,"2":0,"3":0,"4":0,"5":0,"6":0,"7":0,"8":0,"9":0,"10":0,"11":0,"12":0,"13":0},"b":{"0":[1,0],"1":[1,1],"2":[0,0],"3":[0,0],"4":[0,0],"5":[0,0],"6":[0,0],"7":[0,0],"8":[0,0],"9":[0,0],"10":[0,0],"11":[0,0],"12":[0,0],"13":[0,0],"14":[0,0],"15":[0,0],"16":[0,0],"17":[0,0]},"inputSourceMap":{"version":3,"sources":["global-error.js"],"names":["handleCastErrorDB","error","message","path","value","AppError","handleDuplicateFieldsDB","keyValue","name","handleValidationErrorDB","errors","Object","values","map","element","join","sendErrorDev","req","res","originalUrl","startsWith","status","statusCode","json","stack","sendErrorProd","isOperational","next","process","env","NODE_ENV","errorObj","kind","code","_message"],"mappings":";;;;;;;AAAA;;;;;;;;;;AAEA,IAAMA,iBAAiB,GAAG,SAApBA,iBAAoB,CAACC,KAAD,EAAW;AACnC,MAAMC,OAAO,qBAAcD,KAAK,CAACE,IAApB,eAA6BF,KAAK,CAACG,KAAnC,CAAb;AACA,SAAO,IAAIC,oBAAJ,CAAaH,OAAb,EAAsB,GAAtB,CAAP;AACD,CAHD;;AAKA,IAAMI,uBAAuB,GAAG,SAA1BA,uBAA0B,CAACL,KAAD,EAAW;AACzC,MAAMC,OAAO,oCAA6BD,KAAK,CAACM,QAAN,CAAeC,IAA5C,gCAAb;AACA,SAAO,IAAIH,oBAAJ,CAAaH,OAAb,EAAsB,GAAtB,CAAP;AACD,CAHD;;AAKA,IAAMO,uBAAuB,GAAG,SAA1BA,uBAA0B,CAACR,KAAD,EAAW;AACzC,MAAMS,MAAM,GAAGC,MAAM,CAACC,MAAP,CAAcX,KAAK,CAACS,MAApB,EAA4BG,GAA5B,CAAgC,UAACC,OAAD;AAAA,WAAaA,OAAO,CAACZ,OAArB;AAAA,GAAhC,CAAf;AAEA,MAAMA,OAAO,iCAA0BQ,MAAM,CAACK,IAAP,CAAY,IAAZ,CAA1B,CAAb;AACA,SAAO,IAAIV,oBAAJ,CAAaH,OAAb,EAAsB,GAAtB,CAAP;AACD,CALD;;AAOA,IAAMc,YAAY,GAAG,SAAfA,YAAe,CAACf,KAAD,EAAQgB,GAAR,EAAaC,GAAb,EAAqB;AACxC,MAAID,GAAG,CAACE,WAAJ,CAAgBC,UAAhB,CAA2B,MAA3B,CAAJ,EAAwC;AACtC,WAAOF,GAAG,CAACG,MAAJ,CAAWpB,KAAK,CAACqB,UAAjB,EAA6BC,IAA7B,CAAkC;AACvCF,MAAAA,MAAM,EAAEpB,KAAK,CAACoB,MADyB;AAEvCpB,MAAAA,KAAK,EAALA,KAFuC;AAGvCC,MAAAA,OAAO,EAAED,KAAK,CAACC,OAHwB;AAIvCsB,MAAAA,KAAK,EAAEvB,KAAK,CAACuB;AAJ0B,KAAlC,CAAP;AAMD;AACF,CATD;;AAWA,IAAMC,aAAa,GAAG,SAAhBA,aAAgB,CAACxB,KAAD,EAAQgB,GAAR,EAAaC,GAAb,EAAqB;AACzC,MAAID,GAAG,CAACE,WAAJ,CAAgBC,UAAhB,CAA2B,MAA3B,CAAJ,EAAwC;AACtC;AACA,QAAInB,KAAK,CAACyB,aAAV,EAAyB;AACvB,aAAOR,GAAG,CAACG,MAAJ,CAAWpB,KAAK,CAACqB,UAAjB,EAA6BC,IAA7B,CAAkC;AACvCF,QAAAA,MAAM,EAAEpB,KAAK,CAACoB,MADyB;AAEvCnB,QAAAA,OAAO,EAAED,KAAK,CAACC;AAFwB,OAAlC,CAAP;AAID,KAPqC,CAQtC;;;AACA,WAAOgB,GAAG,CAACG,MAAJ,CAAW,GAAX,EAAgBE,IAAhB,CAAqB;AAC1BF,MAAAA,MAAM,EAAE,OADkB;AAE1BnB,MAAAA,OAAO,EAAE;AAFiB,KAArB,CAAP;AAID;AACF,CAfD;;eAgBe,kBAACD,KAAD,EAAQgB,GAAR,EAAaC,GAAb,EAAkBS,IAAlB,EAA2B;AACxC1B,EAAAA,KAAK,CAACqB,UAAN,GAAmBrB,KAAK,CAACqB,UAAN,IAAoB,GAAvC;AACArB,EAAAA,KAAK,CAACoB,MAAN,GAAepB,KAAK,CAACoB,MAAN,IAAgB,OAA/B;;AAEA,MAAIO,OAAO,CAACC,GAAR,CAAYC,QAAZ,KAAyB,aAA7B,EAA4C;AAC1Cd,IAAAA,YAAY,CAACf,KAAD,EAAQgB,GAAR,EAAaC,GAAb,CAAZ;AACD,GAFD,MAEO,IAAIU,OAAO,CAACC,GAAR,CAAYC,QAAZ,KAAyB,YAA7B,EAA2C;AAChD,QAAIC,QAAQ,qBAAQ9B,KAAR,CAAZ;;AACA8B,IAAAA,QAAQ,CAAC7B,OAAT,GAAmBD,KAAK,CAACC,OAAzB;AAEA,QAAI6B,QAAQ,CAACC,IAAT,KAAkB,UAAtB,EAAkCD,QAAQ,GAAG/B,iBAAiB,CAAC+B,QAAD,CAA5B;AAClC,QAAIA,QAAQ,CAACE,IAAT,KAAkB,KAAtB,EAA6BF,QAAQ,GAAGzB,uBAAuB,CAACyB,QAAD,CAAlC;AAC7B,QAAIA,QAAQ,CAACG,QAAT,KAAsB,mBAA1B,EACEH,QAAQ,GAAGtB,uBAAuB,CAACsB,QAAD,CAAlC;AAEFN,IAAAA,aAAa,CAACM,QAAD,EAAWd,GAAX,EAAgBC,GAAhB,CAAb;AACD;AACF,C","sourceRoot":"/Users/onehub/personal/flutterwave/server/utils/","sourcesContent":["import AppError from './app-error';\n\nconst handleCastErrorDB = (error) => {\n  const message = `Invalid ${error.path}: ${error.value}`;\n  return new AppError(message, 400);\n};\n\nconst handleDuplicateFieldsDB = (error) => {\n  const message = `Duplicate field value: ${error.keyValue.name}. Please use another value!`;\n  return new AppError(message, 400);\n};\n\nconst handleValidationErrorDB = (error) => {\n  const errors = Object.values(error.errors).map((element) => element.message);\n\n  const message = `Invalid input data. ${errors.join('. ')}`;\n  return new AppError(message, 400);\n};\n\nconst sendErrorDev = (error, req, res) => {\n  if (req.originalUrl.startsWith('/api')) {\n    return res.status(error.statusCode).json({\n      status: error.status,\n      error,\n      message: error.message,\n      stack: error.stack,\n    });\n  }\n};\n\nconst sendErrorProd = (error, req, res) => {\n  if (req.originalUrl.startsWith('/api')) {\n    // Operational, trusted error: send message to client\n    if (error.isOperational) {\n      return res.status(error.statusCode).json({\n        status: error.status,\n        message: error.message,\n      });\n    }\n    // Programming or other unknown error: don't leak this type of error to client but development only\n    return res.status(500).json({\n      status: 'error',\n      message: 'Something went very wrong',\n    });\n  }\n};\nexport default (error, req, res, next) => {\n  error.statusCode = error.statusCode || 500;\n  error.status = error.status || 'error';\n\n  if (process.env.NODE_ENV === 'development') {\n    sendErrorDev(error, req, res);\n  } else if (process.env.NODE_ENV === 'production') {\n    let errorObj = { ...error };\n    errorObj.message = error.message;\n\n    if (errorObj.kind === 'ObjectId') errorObj = handleCastErrorDB(errorObj);\n    if (errorObj.code === 11000) errorObj = handleDuplicateFieldsDB(errorObj);\n    if (errorObj._message === 'Validation failed')\n      errorObj = handleValidationErrorDB(errorObj);\n\n    sendErrorProd(errorObj, req, res);\n  }\n};\n"]},"_coverageSchema":"1a1c01bbd47fc00a2c39e90264f33305004495a9","hash":"10dd00956ba2013772730334a7d7b0963894c595","contentHash":"c18de859df626cbb1a5725926ba818f99d3b4d7dd504178401c8c23ee5e6469c"},"/Users/onehub/personal/flutterwave/server/route/index.js":{"path":"/Users/onehub/personal/flutterwave/server/route/index.js","statementMap":{"0":{"start":{"line":3,"column":0},"end":{"line":5,"column":3}},"1":{"start":{"line":6,"column":0},"end":{"line":6,"column":28}},"2":{"start":{"line":8,"column":22},"end":{"line":8,"column":86}},"3":{"start":{"line":10,"column":32},"end":{"line":10,"column":106}},"4":{"start":{"line":12,"column":32},"end":{"line":12,"column":106}},"5":{"start":{"line":14,"column":39},"end":{"line":14,"column":95}},"6":{"start":{"line":16,"column":12},"end":{"line":20,"column":1}},"7":{"start":{"line":17,"column":2},"end":{"line":17,"column":54}},"8":{"start":{"line":18,"column":2},"end":{"line":18,"column":122}},"9":{"start":{"line":19,"column":2},"end":{"line":19,"column":16}},"10":{"start":{"line":22,"column":15},"end":{"line":22,"column":20}},"11":{"start":{"line":23,"column":0},"end":{"line":23,"column":30}}},"fnMap":{"0":{"name":"_interopRequireDefault","decl":{"start":{"line":14,"column":9},"end":{"line":14,"column":31}},"loc":{"start":{"line":14,"column":37},"end":{"line":14,"column":97}},"line":14},"1":{"name":"Route","decl":{"start":{"line":16,"column":21},"end":{"line":16,"column":26}},"loc":{"start":{"line":16,"column":35},"end":{"line":20,"column":1}},"line":16}},"branchMap":{"0":{"loc":{"start":{"line":14,"column":46},"end":{"line":14,"column":94}},"type":"cond-expr","locations":[{"start":{"line":14,"column":70},"end":{"line":14,"column":73}},{"start":{"line":14,"column":76},"end":{"line":14,"column":94}}],"line":14},"1":{"loc":{"start":{"line":14,"column":46},"end":{"line":14,"column":67}},"type":"binary-expr","locations":[{"start":{"line":14,"column":46},"end":{"line":14,"column":49}},{"start":{"line":14,"column":53},"end":{"line":14,"column":67}}],"line":14}},"s":{"0":1,"1":1,"2":1,"3":1,"4":1,"5":3,"6":1,"7":1,"8":1,"9":1,"10":1,"11":1},"f":{"0":3,"1":1},"b":{"0":[3,0],"1":[3,3]},"inputSourceMap":{"version":3,"sources":["index.js"],"names":["Route","router","get","userController","getUser","post","ruleValidationMiddleware","create","ruleValidationController"],"mappings":";;;;;;;AAAA;;AACA;;AACA;;;;AAEA,IAAMA,KAAK,GAAG,SAARA,KAAQ,CAACC,MAAD,EAAY;AACxBA,EAAAA,MAAM,CAACC,GAAP,CAAW,GAAX,EAAgBC,2BAAeC,OAA/B;AACAH,EAAAA,MAAM,CAACI,IAAP,CACE,gBADF,EAEEC,qCAAyBC,MAF3B,EAGEC,qCAAyBD,MAH3B;AAMA,SAAON,MAAP;AACD,CATD;;eAWeD,K","sourceRoot":"/Users/onehub/personal/flutterwave/server/route/","sourcesContent":["import userController from '../controllers/userController';\nimport ruleValidationMiddleware from '../middlewares/ruleValidationMiddleware';\nimport ruleValidationController from '../controllers/ruleValidationController';\n\nconst Route = (router) => {\n  router.get('/', userController.getUser);\n  router.post(\n    '/validate-rule',\n    ruleValidationMiddleware.create,\n    ruleValidationController.create\n  );\n\n  return router;\n};\n\nexport default Route;\n"]},"_coverageSchema":"1a1c01bbd47fc00a2c39e90264f33305004495a9","hash":"b8d84f0082169c17f09ead6415d6e9f7a06edfb9","contentHash":"ddf025ba268c1661421b69de112fd2b3425e7841f68e000e936dd0bf8712356a"},"/Users/onehub/personal/flutterwave/server/controllers/userController.js":{"path":"/Users/onehub/personal/flutterwave/server/controllers/userController.js","statementMap":{"0":{"start":{"line":3,"column":0},"end":{"line":5,"column":3}},"1":{"start":{"line":6,"column":0},"end":{"line":6,"column":28}},"2":{"start":{"line":8,"column":16},"end":{"line":8,"column":68}},"3":{"start":{"line":10,"column":12},"end":{"line":10,"column":62}},"4":{"start":{"line":12,"column":39},"end":{"line":12,"column":95}},"5":{"start":{"line":14,"column":77},"end":{"line":14,"column":175}},"6":{"start":{"line":14,"column":94},"end":{"line":14,"column":107}},"7":{"start":{"line":14,"column":121},"end":{"line":14,"column":131}},"8":{"start":{"line":14,"column":151},"end":{"line":14,"column":165}},"9":{"start":{"line":14,"column":166},"end":{"line":14,"column":173}},"10":{"start":{"line":14,"column":176},"end":{"line":14,"column":263}},"11":{"start":{"line":14,"column":193},"end":{"line":14,"column":208}},"12":{"start":{"line":14,"column":218},"end":{"line":14,"column":261}},"13":{"start":{"line":16,"column":33},"end":{"line":16,"column":387}},"14":{"start":{"line":16,"column":65},"end":{"line":16,"column":69}},"15":{"start":{"line":16,"column":78},"end":{"line":16,"column":87}},"16":{"start":{"line":16,"column":89},"end":{"line":16,"column":384}},"17":{"start":{"line":16,"column":147},"end":{"line":16,"column":167}},"18":{"start":{"line":16,"column":193},"end":{"line":16,"column":264}},"19":{"start":{"line":16,"column":290},"end":{"line":16,"column":360}},"20":{"start":{"line":16,"column":363},"end":{"line":16,"column":380}},"21":{"start":{"line":18,"column":50},"end":{"line":18,"column":151}},"22":{"start":{"line":18,"column":92},"end":{"line":18,"column":149}},"23":{"start":{"line":20,"column":44},"end":{"line":20,"column":315}},"24":{"start":{"line":20,"column":57},"end":{"line":20,"column":58}},"25":{"start":{"line":20,"column":102},"end":{"line":20,"column":110}},"26":{"start":{"line":20,"column":112},"end":{"line":20,"column":167}},"27":{"start":{"line":20,"column":168},"end":{"line":20,"column":199}},"28":{"start":{"line":20,"column":200},"end":{"line":20,"column":254}},"29":{"start":{"line":20,"column":227},"end":{"line":20,"column":254}},"30":{"start":{"line":20,"column":255},"end":{"line":20,"column":313}},"31":{"start":{"line":22,"column":62},"end":{"line":22,"column":131}},"32":{"start":{"line":22,"column":78},"end":{"line":22,"column":131}},"33":{"start":{"line":22,"column":132},"end":{"line":22,"column":193}},"34":{"start":{"line":22,"column":149},"end":{"line":22,"column":193}},"35":{"start":{"line":22,"column":194},"end":{"line":22,"column":213}},"36":{"start":{"line":24,"column":34},"end":{"line":72,"column":3}},"37":{"start":{"line":26,"column":4},"end":{"line":26,"column":42}},"38":{"start":{"line":29,"column":2},"end":{"line":69,"column":6}},"39":{"start":{"line":42,"column":21},"end":{"line":61,"column":9}},"40":{"start":{"line":43,"column":8},"end":{"line":60,"column":36}},"41":{"start":{"line":44,"column":10},"end":{"line":59,"column":11}},"42":{"start":{"line":45,"column":12},"end":{"line":58,"column":13}},"43":{"start":{"line":47,"column":16},"end":{"line":47,"column":34}},"44":{"start":{"line":48,"column":16},"end":{"line":48,"column":159}},"45":{"start":{"line":51,"column":16},"end":{"line":51,"column":34}},"46":{"start":{"line":52,"column":16},"end":{"line":52,"column":51}},"47":{"start":{"line":53,"column":16},"end":{"line":53,"column":140}},"48":{"start":{"line":57,"column":16},"end":{"line":57,"column":39}},"49":{"start":{"line":64,"column":8},"end":{"line":64,"column":47}},"50":{"start":{"line":67,"column":6},"end":{"line":67,"column":21}},"51":{"start":{"line":71,"column":2},"end":{"line":71,"column":24}},"52":{"start":{"line":74,"column":0},"end":{"line":74,"column":36}}},"fnMap":{"0":{"name":"_interopRequireDefault","decl":{"start":{"line":12,"column":9},"end":{"line":12,"column":31}},"loc":{"start":{"line":12,"column":37},"end":{"line":12,"column":97}},"line":12},"1":{"name":"asyncGeneratorStep","decl":{"start":{"line":14,"column":9},"end":{"line":14,"column":27}},"loc":{"start":{"line":14,"column":75},"end":{"line":14,"column":265}},"line":14},"2":{"name":"_asyncToGenerator","decl":{"start":{"line":16,"column":9},"end":{"line":16,"column":26}},"loc":{"start":{"line":16,"column":31},"end":{"line":16,"column":389}},"line":16},"3":{"name":"(anonymous_3)","decl":{"start":{"line":16,"column":40},"end":{"line":16,"column":41}},"loc":{"start":{"line":16,"column":52},"end":{"line":16,"column":386}},"line":16},"4":{"name":"(anonymous_4)","decl":{"start":{"line":16,"column":108},"end":{"line":16,"column":109}},"loc":{"start":{"line":16,"column":135},"end":{"line":16,"column":382}},"line":16},"5":{"name":"_next","decl":{"start":{"line":16,"column":178},"end":{"line":16,"column":183}},"loc":{"start":{"line":16,"column":191},"end":{"line":16,"column":266}},"line":16},"6":{"name":"_throw","decl":{"start":{"line":16,"column":276},"end":{"line":16,"column":282}},"loc":{"start":{"line":16,"column":288},"end":{"line":16,"column":362}},"line":16},"7":{"name":"_classCallCheck","decl":{"start":{"line":18,"column":9},"end":{"line":18,"column":24}},"loc":{"start":{"line":18,"column":48},"end":{"line":18,"column":153}},"line":18},"8":{"name":"_defineProperties","decl":{"start":{"line":20,"column":9},"end":{"line":20,"column":26}},"loc":{"start":{"line":20,"column":42},"end":{"line":20,"column":317}},"line":20},"9":{"name":"_createClass","decl":{"start":{"line":22,"column":9},"end":{"line":22,"column":21}},"loc":{"start":{"line":22,"column":60},"end":{"line":22,"column":215}},"line":22},"10":{"name":"(anonymous_10)","decl":{"start":{"line":24,"column":34},"end":{"line":24,"column":35}},"loc":{"start":{"line":24,"column":46},"end":{"line":72,"column":1}},"line":24},"11":{"name":"userController","decl":{"start":{"line":25,"column":11},"end":{"line":25,"column":25}},"loc":{"start":{"line":25,"column":28},"end":{"line":27,"column":3}},"line":25},"12":{"name":"(anonymous_12)","decl":{"start":{"line":41,"column":11},"end":{"line":41,"column":12}},"loc":{"start":{"line":41,"column":23},"end":{"line":68,"column":5}},"line":41},"13":{"name":"_callee","decl":{"start":{"line":42,"column":86},"end":{"line":42,"column":93}},"loc":{"start":{"line":42,"column":104},"end":{"line":61,"column":7}},"line":42},"14":{"name":"_callee$","decl":{"start":{"line":43,"column":48},"end":{"line":43,"column":56}},"loc":{"start":{"line":43,"column":67},"end":{"line":60,"column":9}},"line":43},"15":{"name":"getUser","decl":{"start":{"line":63,"column":15},"end":{"line":63,"column":22}},"loc":{"start":{"line":63,"column":32},"end":{"line":65,"column":7}},"line":63}},"branchMap":{"0":{"loc":{"start":{"line":12,"column":46},"end":{"line":12,"column":94}},"type":"cond-expr","locations":[{"start":{"line":12,"column":70},"end":{"line":12,"column":73}},{"start":{"line":12,"column":76},"end":{"line":12,"column":94}}],"line":12},"1":{"loc":{"start":{"line":12,"column":46},"end":{"line":12,"column":67}},"type":"binary-expr","locations":[{"start":{"line":12,"column":46},"end":{"line":12,"column":49}},{"start":{"line":12,"column":53},"end":{"line":12,"column":67}}],"line":12},"2":{"loc":{"start":{"line":14,"column":176},"end":{"line":14,"column":263}},"type":"if","locations":[{"start":{"line":14,"column":176},"end":{"line":14,"column":263}},{"start":{"line":14,"column":176},"end":{"line":14,"column":263}}],"line":14},"3":{"loc":{"start":{"line":18,"column":50},"end":{"line":18,"column":151}},"type":"if","locations":[{"start":{"line":18,"column":50},"end":{"line":18,"column":151}},{"start":{"line":18,"column":50},"end":{"line":18,"column":151}}],"line":18},"4":{"loc":{"start":{"line":20,"column":136},"end":{"line":20,"column":166}},"type":"binary-expr","locations":[{"start":{"line":20,"column":136},"end":{"line":20,"column":157}},{"start":{"line":20,"column":161},"end":{"line":20,"column":166}}],"line":20},"5":{"loc":{"start":{"line":20,"column":200},"end":{"line":20,"column":254}},"type":"if","locations":[{"start":{"line":20,"column":200},"end":{"line":20,"column":254}},{"start":{"line":20,"column":200},"end":{"line":20,"column":254}}],"line":20},"6":{"loc":{"start":{"line":22,"column":62},"end":{"line":22,"column":131}},"type":"if","locations":[{"start":{"line":22,"column":62},"end":{"line":22,"column":131}},{"start":{"line":22,"column":62},"end":{"line":22,"column":131}}],"line":22},"7":{"loc":{"start":{"line":22,"column":132},"end":{"line":22,"column":193}},"type":"if","locations":[{"start":{"line":22,"column":132},"end":{"line":22,"column":193}},{"start":{"line":22,"column":132},"end":{"line":22,"column":193}}],"line":22},"8":{"loc":{"start":{"line":45,"column":12},"end":{"line":58,"column":13}},"type":"switch","locations":[{"start":{"line":46,"column":14},"end":{"line":48,"column":159}},{"start":{"line":50,"column":14},"end":{"line":53,"column":140}},{"start":{"line":55,"column":14},"end":{"line":55,"column":21}},{"start":{"line":56,"column":14},"end":{"line":57,"column":39}}],"line":45}},"s":{"0":1,"1":1,"2":1,"3":1,"4":2,"5":0,"6":0,"7":0,"8":0,"9":0,"10":0,"11":0,"12":0,"13":1,"14":0,"15":0,"16":0,"17":0,"18":0,"19":0,"20":0,"21":0,"22":0,"23":1,"24":1,"25":1,"26":1,"27":1,"28":1,"29":1,"30":1,"31":1,"32":0,"33":1,"34":1,"35":1,"36":1,"37":0,"38":1,"39":1,"40":0,"41":0,"42":0,"43":0,"44":0,"45":0,"46":0,"47":0,"48":0,"49":0,"50":1,"51":1,"52":1},"f":{"0":2,"1":0,"2":1,"3":0,"4":0,"5":0,"6":0,"7":0,"8":1,"9":1,"10":1,"11":0,"12":1,"13":0,"14":0,"15":0},"b":{"0":[1,1],"1":[2,2],"2":[0,0],"3":[0,0],"4":[1,1],"5":[1,0],"6":[0,1],"7":[1,0],"8":[0,0,0,0]},"inputSourceMap":{"version":3,"sources":["userController.js"],"names":["userController","req","res","Response","genericResponseMessage","User","message"],"mappings":";;;;;;;AAAA;;AACA;;;;;;;;;;;;;;IAEqBA,c;;;;;;;;AACnB;AACF;AACA;AACA;AACA;AACA;AACA;AACA;AACA;;8FACuBC,G,EAAKC,G;;;;;;iDAEfC,qBAASC,sBAAT,CACL,wBADK,EAEL,GAFK,EAGL,SAHK,EAILC,gBAJK,EAKLH,GALK,C;;;;;iDAQAC,qBAASC,sBAAT,CACL,YAAME,OADD,EAEL,GAFK,EAGL,OAHK,EAIL,IAJK,EAKLJ,GALK,C","sourceRoot":"/Users/onehub/personal/flutterwave/server/controllers/","sourcesContent":["import Response from '../utils/response';\nimport User from '../../user.json';\n\nexport default class userController {\n  /**\n   * @function getUser\n   * @description get User\n   *\n   * @param {Object} req\n   * @param {Object} res\n   *\n   * @returns {Object} get User JSON Object\n   */\n  static async getUser(req, res) {\n    try {\n      return Response.genericResponseMessage(\n        'My Rule-Validation API',\n        200,\n        'success',\n        User,\n        res\n      );\n    } catch (error) {\n      return Response.genericResponseMessage(\n        error.message,\n        500,\n        'error',\n        null,\n        res\n      );\n    }\n  }\n}\n"]},"_coverageSchema":"1a1c01bbd47fc00a2c39e90264f33305004495a9","hash":"711baff48f88d28e39e195da4b492250dc973e21","contentHash":"d8354e2ee31bd57aacad7e10cc239ba8507eb71a0d760837aaf8214ca75e5356"},"/Users/onehub/personal/flutterwave/server/utils/response.js":{"path":"/Users/onehub/personal/flutterwave/server/utils/response.js","statementMap":{"0":{"start":{"line":3,"column":0},"end":{"line":5,"column":3}},"1":{"start":{"line":6,"column":0},"end":{"line":6,"column":28}},"2":{"start":{"line":8,"column":50},"end":{"line":8,"column":151}},"3":{"start":{"line":8,"column":92},"end":{"line":8,"column":149}},"4":{"start":{"line":10,"column":44},"end":{"line":10,"column":315}},"5":{"start":{"line":10,"column":57},"end":{"line":10,"column":58}},"6":{"start":{"line":10,"column":102},"end":{"line":10,"column":110}},"7":{"start":{"line":10,"column":112},"end":{"line":10,"column":167}},"8":{"start":{"line":10,"column":168},"end":{"line":10,"column":199}},"9":{"start":{"line":10,"column":200},"end":{"line":10,"column":254}},"10":{"start":{"line":10,"column":227},"end":{"line":10,"column":254}},"11":{"start":{"line":10,"column":255},"end":{"line":10,"column":313}},"12":{"start":{"line":12,"column":62},"end":{"line":12,"column":131}},"13":{"start":{"line":12,"column":78},"end":{"line":12,"column":131}},"14":{"start":{"line":12,"column":132},"end":{"line":12,"column":193}},"15":{"start":{"line":12,"column":149},"end":{"line":12,"column":193}},"16":{"start":{"line":12,"column":194},"end":{"line":12,"column":213}},"17":{"start":{"line":14,"column":28},"end":{"line":40,"column":3}},"18":{"start":{"line":16,"column":4},"end":{"line":16,"column":36}},"19":{"start":{"line":19,"column":2},"end":{"line":37,"column":6}},"20":{"start":{"line":22,"column":6},"end":{"line":26,"column":9}},"21":{"start":{"line":31,"column":6},"end":{"line":35,"column":9}},"22":{"start":{"line":39,"column":2},"end":{"line":39,"column":18}},"23":{"start":{"line":42,"column":0},"end":{"line":42,"column":30}}},"fnMap":{"0":{"name":"_classCallCheck","decl":{"start":{"line":8,"column":9},"end":{"line":8,"column":24}},"loc":{"start":{"line":8,"column":48},"end":{"line":8,"column":153}},"line":8},"1":{"name":"_defineProperties","decl":{"start":{"line":10,"column":9},"end":{"line":10,"column":26}},"loc":{"start":{"line":10,"column":42},"end":{"line":10,"column":317}},"line":10},"2":{"name":"_createClass","decl":{"start":{"line":12,"column":9},"end":{"line":12,"column":21}},"loc":{"start":{"line":12,"column":60},"end":{"line":12,"column":215}},"line":12},"3":{"name":"(anonymous_3)","decl":{"start":{"line":14,"column":28},"end":{"line":14,"column":29}},"loc":{"start":{"line":14,"column":40},"end":{"line":40,"column":1}},"line":14},"4":{"name":"Response","decl":{"start":{"line":15,"column":11},"end":{"line":15,"column":19}},"loc":{"start":{"line":15,"column":22},"end":{"line":17,"column":3}},"line":15},"5":{"name":"genericResponseMessage","decl":{"start":{"line":21,"column":20},"end":{"line":21,"column":42}},"loc":{"start":{"line":21,"column":83},"end":{"line":27,"column":5}},"line":21},"6":{"name":"ruleValidationResponseMessage","decl":{"start":{"line":30,"column":20},"end":{"line":30,"column":49}},"loc":{"start":{"line":30,"column":90},"end":{"line":36,"column":5}},"line":30}},"branchMap":{"0":{"loc":{"start":{"line":8,"column":50},"end":{"line":8,"column":151}},"type":"if","locations":[{"start":{"line":8,"column":50},"end":{"line":8,"column":151}},{"start":{"line":8,"column":50},"end":{"line":8,"column":151}}],"line":8},"1":{"loc":{"start":{"line":10,"column":136},"end":{"line":10,"column":166}},"type":"binary-expr","locations":[{"start":{"line":10,"column":136},"end":{"line":10,"column":157}},{"start":{"line":10,"column":161},"end":{"line":10,"column":166}}],"line":10},"2":{"loc":{"start":{"line":10,"column":200},"end":{"line":10,"column":254}},"type":"if","locations":[{"start":{"line":10,"column":200},"end":{"line":10,"column":254}},{"start":{"line":10,"column":200},"end":{"line":10,"column":254}}],"line":10},"3":{"loc":{"start":{"line":12,"column":62},"end":{"line":12,"column":131}},"type":"if","locations":[{"start":{"line":12,"column":62},"end":{"line":12,"column":131}},{"start":{"line":12,"column":62},"end":{"line":12,"column":131}}],"line":12},"4":{"loc":{"start":{"line":12,"column":132},"end":{"line":12,"column":193}},"type":"if","locations":[{"start":{"line":12,"column":132},"end":{"line":12,"column":193}},{"start":{"line":12,"column":132},"end":{"line":12,"column":193}}],"line":12}},"s":{"0":1,"1":1,"2":0,"3":0,"4":1,"5":1,"6":2,"7":2,"8":2,"9":2,"10":2,"11":2,"12":1,"13":0,"14":1,"15":1,"16":1,"17":1,"18":0,"19":1,"20":0,"21":1,"22":1,"23":1},"f":{"0":0,"1":1,"2":1,"3":1,"4":0,"5":0,"6":1},"b":{"0":[0,0],"1":[2,2],"2":[2,0],"3":[0,1],"4":[1,0]},"inputSourceMap":{"version":3,"sources":["response.js"],"names":["Response","message","statusCode","status","data","res","json"],"mappings":";;;;;;;;;;;;;IAAqBA,Q;;;;;;;2CACWC,O,EAASC,U,EAAYC,M,EAAQC,I,EAAMC,G,EAAK;AACpEA,MAAAA,GAAG,CAACF,MAAJ,CAAWD,UAAX,EAAuBI,IAAvB,CAA4B;AAC1BL,QAAAA,OAAO,EAAPA,OAD0B;AAE1BE,QAAAA,MAAM,EAANA,MAF0B;AAG1BC,QAAAA,IAAI,EAAJA;AAH0B,OAA5B;AAKD;;;kDAEoCH,O,EAASC,U,EAAYC,M,EAAQC,I,EAAMC,G,EAAK;AAC3EA,MAAAA,GAAG,CAACF,MAAJ,CAAWD,UAAX,EAAuBI,IAAvB,CAA4B;AAC1BL,QAAAA,OAAO,EAAPA,OAD0B;AAE1BE,QAAAA,MAAM,EAANA,MAF0B;AAG1BC,QAAAA,IAAI,EAAJA;AAH0B,OAA5B;AAKD","sourceRoot":"/Users/onehub/personal/flutterwave/server/utils/","sourcesContent":["export default class Response {\n  static genericResponseMessage(message, statusCode, status, data, res) {\n    res.status(statusCode).json({\n      message,\n      status,\n      data,\n    });\n  }\n\n  static ruleValidationResponseMessage(message, statusCode, status, data, res) {\n    res.status(statusCode).json({\n      message,\n      status,\n      data,\n    });\n  }\n}\n"]},"_coverageSchema":"1a1c01bbd47fc00a2c39e90264f33305004495a9","hash":"0a71250358ea303a89c1671950f095eea721234c","contentHash":"7fa743d51aef6eb46d4e8c11cbe2253e82a4655dbdc7a7b977f269d34e47b921"},"/Users/onehub/personal/flutterwave/server/middlewares/ruleValidationMiddleware.js":{"path":"/Users/onehub/personal/flutterwave/server/middlewares/ruleValidationMiddleware.js","statementMap":{"0":{"start":{"line":3,"column":0},"end":{"line":5,"column":3}},"1":{"start":{"line":6,"column":0},"end":{"line":6,"column":28}},"2":{"start":{"line":8,"column":16},"end":{"line":8,"column":68}},"3":{"start":{"line":10,"column":39},"end":{"line":10,"column":95}},"4":{"start":{"line":12,"column":51},"end":{"line":12,"column":355}},"5":{"start":{"line":12,"column":126},"end":{"line":12,"column":181}},"6":{"start":{"line":12,"column":160},"end":{"line":12,"column":178}},"7":{"start":{"line":12,"column":191},"end":{"line":12,"column":353}},"8":{"start":{"line":12,"column":225},"end":{"line":12,"column":350}},"9":{"start":{"line":12,"column":356},"end":{"line":12,"column":376}},"10":{"start":{"line":14,"column":77},"end":{"line":14,"column":175}},"11":{"start":{"line":14,"column":94},"end":{"line":14,"column":107}},"12":{"start":{"line":14,"column":121},"end":{"line":14,"column":131}},"13":{"start":{"line":14,"column":151},"end":{"line":14,"column":165}},"14":{"start":{"line":14,"column":166},"end":{"line":14,"column":173}},"15":{"start":{"line":14,"column":176},"end":{"line":14,"column":263}},"16":{"start":{"line":14,"column":193},"end":{"line":14,"column":208}},"17":{"start":{"line":14,"column":218},"end":{"line":14,"column":261}},"18":{"start":{"line":16,"column":33},"end":{"line":16,"column":387}},"19":{"start":{"line":16,"column":65},"end":{"line":16,"column":69}},"20":{"start":{"line":16,"column":78},"end":{"line":16,"column":87}},"21":{"start":{"line":16,"column":89},"end":{"line":16,"column":384}},"22":{"start":{"line":16,"column":147},"end":{"line":16,"column":167}},"23":{"start":{"line":16,"column":193},"end":{"line":16,"column":264}},"24":{"start":{"line":16,"column":290},"end":{"line":16,"column":360}},"25":{"start":{"line":16,"column":363},"end":{"line":16,"column":380}},"26":{"start":{"line":18,"column":50},"end":{"line":18,"column":151}},"27":{"start":{"line":18,"column":92},"end":{"line":18,"column":149}},"28":{"start":{"line":20,"column":44},"end":{"line":20,"column":315}},"29":{"start":{"line":20,"column":57},"end":{"line":20,"column":58}},"30":{"start":{"line":20,"column":102},"end":{"line":20,"column":110}},"31":{"start":{"line":20,"column":112},"end":{"line":20,"column":167}},"32":{"start":{"line":20,"column":168},"end":{"line":20,"column":199}},"33":{"start":{"line":20,"column":200},"end":{"line":20,"column":254}},"34":{"start":{"line":20,"column":227},"end":{"line":20,"column":254}},"35":{"start":{"line":20,"column":255},"end":{"line":20,"column":313}},"36":{"start":{"line":22,"column":62},"end":{"line":22,"column":131}},"37":{"start":{"line":22,"column":78},"end":{"line":22,"column":131}},"38":{"start":{"line":22,"column":132},"end":{"line":22,"column":193}},"39":{"start":{"line":22,"column":149},"end":{"line":22,"column":193}},"40":{"start":{"line":22,"column":194},"end":{"line":22,"column":213}},"41":{"start":{"line":24,"column":44},"end":{"line":190,"column":3}},"42":{"start":{"line":26,"column":4},"end":{"line":26,"column":52}},"43":{"start":{"line":29,"column":2},"end":{"line":187,"column":6}},"44":{"start":{"line":32,"column":20},"end":{"line":179,"column":9}},"45":{"start":{"line":35,"column":8},"end":{"line":178,"column":20}},"46":{"start":{"line":36,"column":10},"end":{"line":177,"column":11}},"47":{"start":{"line":37,"column":12},"end":{"line":176,"column":13}},"48":{"start":{"line":39,"column":16},"end":{"line":42,"column":17}},"49":{"start":{"line":40,"column":18},"end":{"line":40,"column":36}},"50":{"start":{"line":41,"column":18},"end":{"line":41,"column":24}},"51":{"start":{"line":44,"column":16},"end":{"line":44,"column":151}},"52":{"start":{"line":47,"column":16},"end":{"line":47,"column":83}},"53":{"start":{"line":48,"column":16},"end":{"line":48,"column":103}},"54":{"start":{"line":50,"column":16},"end":{"line":53,"column":17}},"55":{"start":{"line":51,"column":18},"end":{"line":51,"column":37}},"56":{"start":{"line":52,"column":18},"end":{"line":52,"column":24}},"57":{"start":{"line":55,"column":16},"end":{"line":58,"column":17}},"58":{"start":{"line":56,"column":18},"end":{"line":56,"column":36}},"59":{"start":{"line":57,"column":18},"end":{"line":57,"column":24}},"60":{"start":{"line":60,"column":16},"end":{"line":60,"column":141}},"61":{"start":{"line":63,"column":16},"end":{"line":66,"column":17}},"62":{"start":{"line":64,"column":18},"end":{"line":64,"column":36}},"63":{"start":{"line":65,"column":18},"end":{"line":65,"column":24}},"64":{"start":{"line":68,"column":16},"end":{"line":68,"column":145}},"65":{"start":{"line":71,"column":16},"end":{"line":74,"column":17}},"66":{"start":{"line":72,"column":18},"end":{"line":72,"column":37}},"67":{"start":{"line":73,"column":18},"end":{"line":73,"column":24}},"68":{"start":{"line":76,"column":16},"end":{"line":76,"column":151}},"69":{"start":{"line":79,"column":16},"end":{"line":82,"column":17}},"70":{"start":{"line":80,"column":18},"end":{"line":80,"column":37}},"71":{"start":{"line":81,"column":18},"end":{"line":81,"column":24}},"72":{"start":{"line":84,"column":16},"end":{"line":84,"column":148}},"73":{"start":{"line":87,"column":16},"end":{"line":90,"column":17}},"74":{"start":{"line":88,"column":18},"end":{"line":88,"column":37}},"75":{"start":{"line":89,"column":18},"end":{"line":89,"column":24}},"76":{"start":{"line":92,"column":16},"end":{"line":92,"column":152}},"77":{"start":{"line":95,"column":16},"end":{"line":98,"column":17}},"78":{"start":{"line":96,"column":18},"end":{"line":96,"column":37}},"79":{"start":{"line":97,"column":18},"end":{"line":97,"column":24}},"80":{"start":{"line":100,"column":16},"end":{"line":100,"column":158}},"81":{"start":{"line":103,"column":16},"end":{"line":103,"column":35}},"82":{"start":{"line":104,"column":16},"end":{"line":104,"column":22}},"83":{"start":{"line":107,"column":16},"end":{"line":107,"column":148}},"84":{"start":{"line":110,"column":16},"end":{"line":113,"column":17}},"85":{"start":{"line":111,"column":18},"end":{"line":111,"column":37}},"86":{"start":{"line":112,"column":18},"end":{"line":112,"column":24}},"87":{"start":{"line":115,"column":16},"end":{"line":115,"column":140}},"88":{"start":{"line":118,"column":16},"end":{"line":121,"column":17}},"89":{"start":{"line":119,"column":18},"end":{"line":119,"column":37}},"90":{"start":{"line":120,"column":18},"end":{"line":120,"column":24}},"91":{"start":{"line":123,"column":16},"end":{"line":126,"column":17}},"92":{"start":{"line":124,"column":18},"end":{"line":124,"column":37}},"93":{"start":{"line":125,"column":18},"end":{"line":125,"column":24}},"94":{"start":{"line":128,"column":16},"end":{"line":134,"column":18}},"95":{"start":{"line":135,"column":16},"end":{"line":135,"column":179}},"96":{"start":{"line":138,"column":16},"end":{"line":138,"column":35}},"97":{"start":{"line":139,"column":16},"end":{"line":139,"column":22}},"98":{"start":{"line":142,"column":16},"end":{"line":142,"column":170}},"99":{"start":{"line":145,"column":16},"end":{"line":145,"column":49}},"100":{"start":{"line":147,"column":16},"end":{"line":150,"column":17}},"101":{"start":{"line":148,"column":18},"end":{"line":148,"column":37}},"102":{"start":{"line":149,"column":18},"end":{"line":149,"column":24}},"103":{"start":{"line":152,"column":16},"end":{"line":152,"column":82}},"104":{"start":{"line":153,"column":16},"end":{"line":153,"column":47}},"105":{"start":{"line":154,"column":16},"end":{"line":154,"column":56}},"106":{"start":{"line":156,"column":16},"end":{"line":159,"column":17}},"107":{"start":{"line":157,"column":18},"end":{"line":157,"column":37}},"108":{"start":{"line":158,"column":18},"end":{"line":158,"column":24}},"109":{"start":{"line":161,"column":16},"end":{"line":161,"column":169}},"110":{"start":{"line":164,"column":16},"end":{"line":164,"column":35}},"111":{"start":{"line":165,"column":16},"end":{"line":165,"column":22}},"112":{"start":{"line":168,"column":16},"end":{"line":168,"column":169}},"113":{"start":{"line":171,"column":16},"end":{"line":171,"column":23}},"114":{"start":{"line":175,"column":16},"end":{"line":175,"column":39}},"115":{"start":{"line":182,"column":8},"end":{"line":182,"column":46}},"116":{"start":{"line":185,"column":6},"end":{"line":185,"column":20}},"117":{"start":{"line":189,"column":2},"end":{"line":189,"column":34}},"118":{"start":{"line":192,"column":0},"end":{"line":192,"column":46}}},"fnMap":{"0":{"name":"_interopRequireDefault","decl":{"start":{"line":10,"column":9},"end":{"line":10,"column":31}},"loc":{"start":{"line":10,"column":37},"end":{"line":10,"column":97}},"line":10},"1":{"name":"_typeof","decl":{"start":{"line":12,"column":9},"end":{"line":12,"column":16}},"loc":{"start":{"line":12,"column":22},"end":{"line":12,"column":378}},"line":12},"2":{"name":"_typeof","decl":{"start":{"line":12,"column":145},"end":{"line":12,"column":152}},"loc":{"start":{"line":12,"column":158},"end":{"line":12,"column":180}},"line":12},"3":{"name":"_typeof","decl":{"start":{"line":12,"column":210},"end":{"line":12,"column":217}},"loc":{"start":{"line":12,"column":223},"end":{"line":12,"column":352}},"line":12},"4":{"name":"asyncGeneratorStep","decl":{"start":{"line":14,"column":9},"end":{"line":14,"column":27}},"loc":{"start":{"line":14,"column":75},"end":{"line":14,"column":265}},"line":14},"5":{"name":"_asyncToGenerator","decl":{"start":{"line":16,"column":9},"end":{"line":16,"column":26}},"loc":{"start":{"line":16,"column":31},"end":{"line":16,"column":389}},"line":16},"6":{"name":"(anonymous_6)","decl":{"start":{"line":16,"column":40},"end":{"line":16,"column":41}},"loc":{"start":{"line":16,"column":52},"end":{"line":16,"column":386}},"line":16},"7":{"name":"(anonymous_7)","decl":{"start":{"line":16,"column":108},"end":{"line":16,"column":109}},"loc":{"start":{"line":16,"column":135},"end":{"line":16,"column":382}},"line":16},"8":{"name":"_next","decl":{"start":{"line":16,"column":178},"end":{"line":16,"column":183}},"loc":{"start":{"line":16,"column":191},"end":{"line":16,"column":266}},"line":16},"9":{"name":"_throw","decl":{"start":{"line":16,"column":276},"end":{"line":16,"column":282}},"loc":{"start":{"line":16,"column":288},"end":{"line":16,"column":362}},"line":16},"10":{"name":"_classCallCheck","decl":{"start":{"line":18,"column":9},"end":{"line":18,"column":24}},"loc":{"start":{"line":18,"column":48},"end":{"line":18,"column":153}},"line":18},"11":{"name":"_defineProperties","decl":{"start":{"line":20,"column":9},"end":{"line":20,"column":26}},"loc":{"start":{"line":20,"column":42},"end":{"line":20,"column":317}},"line":20},"12":{"name":"_createClass","decl":{"start":{"line":22,"column":9},"end":{"line":22,"column":21}},"loc":{"start":{"line":22,"column":60},"end":{"line":22,"column":215}},"line":22},"13":{"name":"(anonymous_13)","decl":{"start":{"line":24,"column":44},"end":{"line":24,"column":45}},"loc":{"start":{"line":24,"column":56},"end":{"line":190,"column":1}},"line":24},"14":{"name":"ruleValidationMiddleware","decl":{"start":{"line":25,"column":11},"end":{"line":25,"column":35}},"loc":{"start":{"line":25,"column":38},"end":{"line":27,"column":3}},"line":25},"15":{"name":"(anonymous_15)","decl":{"start":{"line":31,"column":11},"end":{"line":31,"column":12}},"loc":{"start":{"line":31,"column":23},"end":{"line":186,"column":5}},"line":31},"16":{"name":"_callee","decl":{"start":{"line":32,"column":85},"end":{"line":32,"column":92}},"loc":{"start":{"line":32,"column":109},"end":{"line":179,"column":7}},"line":32},"17":{"name":"_callee$","decl":{"start":{"line":35,"column":48},"end":{"line":35,"column":56}},"loc":{"start":{"line":35,"column":67},"end":{"line":178,"column":9}},"line":35},"
[...]
    if (typeof data === 'object' || typeof data === 'string') {\n      if (typeof data === 'string') {\n        let validation = {\n          error: true,\n          field,\n          field_value: condition_value,\n          condition,\n          condition_value,\n        };\n        return Response.ruleValidationResponseMessage(\n          `field ${field} failed validation.`,\n          400,\n          'error',\n          validation,\n          res\n        );\n      }\n    } else {\n      return Response.genericResponseMessage(\n        'data should be an object, an array or a string.',\n        400,\n        'error',\n        null,\n        res\n      );\n    }\n\n    let splittedField = field.split('.');\n    let nestedField;\n    if (splittedField) {\n      data[splittedField[1]] = data[splittedField[0]][splittedField[1]];\n      nestedField = splittedField[1];\n      req.body.rule.nestedField = nestedField;\n\n      if (!data[nestedField]) {\n        return Response.genericResponseMessage(\n          `field ${field} is missing from data.`,\n          400,\n          'error',\n          null,\n          res\n        );\n      }\n    } else {\n      return Response.genericResponseMessage(\n        `field ${field} is missing from data.`,\n        400,\n        'error',\n        null,\n        res\n      );\n    }\n\n    next();\n  }\n}\n"]},"_coverageSchema":"1a1c01bbd47fc00a2c39e90264f33305004495a9","hash":"3ac8b46c543c0162c2a8f813a239a8c67f4a38c5","contentHash":"488278c4d626310546b417e07c9690b61b724df7389a9aa189e9a0a8f0e83360"},"/Users/onehub/personal/flutterwave/server/controllers/ruleValidationController.js":{"path":"/Users/onehub/personal/flutterwave/server/controllers/ruleValidationController.js","statementMap":{"0":{"start":{"line":3,"column":0},"end":{"line":5,"column":3}},"1":{"start":{"line":6,"column":0},"end":{"line":6,"column":28}},"2":{"start":{"line":8,"column":16},"end":{"line":8,"column":68}},"3":{"start":{"line":10,"column":39},"end":{"line":10,"column":95}},"4":{"start":{"line":12,"column":77},"end":{"line":12,"column":175}},"5":{"start":{"line":12,"column":94},"end":{"line":12,"column":107}},"6":{"start":{"line":12,"column":121},"end":{"line":12,"column":131}},"7":{"start":{"line":12,"column":151},"end":{"line":12,"column":165}},"8":{"start":{"line":12,"column":166},"end":{"line":12,"column":173}},"9":{"start":{"line":12,"column":176},"end":{"line":12,"column":263}},"10":{"start":{"line":12,"column":193},"end":{"line":12,"column":208}},"11":{"start":{"line":12,"column":218},"end":{"line":12,"column":261}},"12":{"start":{"line":14,"column":33},"end":{"line":14,"column":387}},"13":{"start":{"line":14,"column":65},"end":{"line":14,"column":69}},"14":{"start":{"line":14,"column":78},"end":{"line":14,"column":87}},"15":{"start":{"line":14,"column":89},"end":{"line":14,"column":384}},"16":{"start":{"line":14,"column":147},"end":{"line":14,"column":167}},"17":{"start":{"line":14,"column":193},"end":{"line":14,"column":264}},"18":{"start":{"line":14,"column":290},"end":{"line":14,"column":360}},"19":{"start":{"line":14,"column":363},"end":{"line":14,"column":380}},"20":{"start":{"line":16,"column":50},"end":{"line":16,"column":151}},"21":{"start":{"line":16,"column":92},"end":{"line":16,"column":149}},"22":{"start":{"line":18,"column":44},"end":{"line":18,"column":315}},"23":{"start":{"line":18,"column":57},"end":{"line":18,"column":58}},"24":{"start":{"line":18,"column":102},"end":{"line":18,"column":110}},"25":{"start":{"line":18,"column":112},"end":{"line":18,"column":167}},"26":{"start":{"line":18,"column":168},"end":{"line":18,"column":199}},"27":{"start":{"line":18,"column":200},"end":{"line":18,"column":254}},"28":{"start":{"line":18,"column":227},"end":{"line":18,"column":254}},"29":{"start":{"line":18,"column":255},"end":{"line":18,"column":313}},"30":{"start":{"line":20,"column":62},"end":{"line":20,"column":131}},"31":{"start":{"line":20,"column":78},"end":{"line":20,"column":131}},"32":{"start":{"line":20,"column":132},"end":{"line":20,"column":193}},"33":{"start":{"line":20,"column":149},"end":{"line":20,"column":193}},"34":{"start":{"line":20,"column":194},"end":{"line":20,"column":213}},"35":{"start":{"line":22,"column":44},"end":{"line":113,"column":3}},"36":{"start":{"line":24,"column":4},"end":{"line":24,"column":52}},"37":{"start":{"line":27,"column":2},"end":{"line":110,"column":6}},"38":{"start":{"line":40,"column":20},"end":{"line":102,"column":9}},"39":{"start":{"line":43,"column":8},"end":{"line":101,"column":20}},"40":{"start":{"line":44,"column":10},"end":{"line":100,"column":11}},"41":{"start":{"line":45,"column":12},"end":{"line":99,"column":13}},"42":{"start":{"line":47,"column":16},"end":{"line":47,"column":83}},"43":{"start":{"line":48,"column":16},"end":{"line":48,"column":135}},"44":{"start":{"line":49,"column":16},"end":{"line":55,"column":18}},"45":{"start":{"line":56,"column":16},"end":{"line":56,"column":40}},"46":{"start":{"line":57,"column":16},"end":{"line":57,"column":181}},"47":{"start":{"line":58,"column":16},"end":{"line":58,"column":22}},"48":{"start":{"line":61,"column":16},"end":{"line":61,"column":110}},"49":{"start":{"line":62,"column":16},"end":{"line":62,"column":52}},"50":{"start":{"line":65,"column":16},"end":{"line":65,"column":110}},"51":{"start":{"line":66,"column":16},"end":{"line":66,"column":52}},"52":{"start":{"line":69,"column":16},"end":{"line":69,"column":106}},"53":{"start":{"line":70,"column":16},"end":{"line":70,"column":52}},"54":{"start":{"line":73,"column":16},"end":{"line":73,"column":108}},"55":{"start":{"line":74,"column":16},"end":{"line":74,"column":52}},"56":{"start":{"line":77,"column":16},"end":{"line":77,"column":122}},"57":{"start":{"line":78,"column":16},"end":{"line":78,"column":52}},"58":{"start":{"line":81,"column":16},"end":{"line":81,"column":179}},"59":{"start":{"line":84,"column":16},"end":{"line":84,"column":42}},"60":{"start":{"line":86,"column":16},"end":{"line":89,"column":17}},"61":{"start":{"line":87,"column":18},"end":{"line":87,"column":37}},"62":{"start":{"line":88,"column":18},"end":{"line":88,"column":24}},"63":{"start":{"line":91,"column":16},"end":{"line":91,"column":186}},"64":{"start":{"line":94,"column":16},"end":{"line":94,"column":179}},"65":{"start":{"line":98,"column":16},"end":{"line":98,"column":39}},"66":{"start":{"line":105,"column":8},"end":{"line":105,"column":46}},"67":{"start":{"line":108,"column":6},"end":{"line":108,"column":20}},"68":{"start":{"line":112,"column":2},"end":{"line":112,"column":34}},"69":{"start":{"line":115,"column":0},"end":{"line":115,"column":46}}},"fnMap":{"0":{"name":"_interopRequireDefault","decl":{"start":{"line":10,"column":9},"end":{"line":10,"column":31}},"loc":{"start":{"line":10,"column":37},"end":{"line":10,"column":97}},"line":10},"1":{"name":"asyncGeneratorStep","decl":{"start":{"line":12,"column":9},"end":{"line":12,"column":27}},"loc":{"start":{"line":12,"column":75},"end":{"line":12,"column":265}},"line":12},"2":{"name":"_asyncToGenerator","decl":{"start":{"line":14,"column":9},"end":{"line":14,"column":26}},"loc":{"start":{"line":14,"column":31},"end":{"line":14,"column":389}},"line":14},"3":{"name":"(anonymous_3)","decl":{"start":{"line":14,"column":40},"end":{"line":14,"column":41}},"loc":{"start":{"line":14,"column":52},"end":{"line":14,"column":386}},"line":14},"4":{"name":"(anonymous_4)","decl":{"start":{"line":14,"column":108},"end":{"line":14,"column":109}},"loc":{"start":{"line":14,"column":135},"end":{"line":14,"column":382}},"line":14},"5":{"name":"_next","decl":{"start":{"line":14,"column":178},"end":{"line":14,"column":183}},"loc":{"start":{"line":14,"column":191},"end":{"line":14,"column":266}},"line":14},"6":{"name":"_throw","decl":{"start":{"line":14,"column":276},"end":{"line":14,"column":282}},"loc":{"start":{"line":14,"column":288},"end":{"line":14,"column":362}},"line":14},"7":{"name":"_classCallCheck","decl":{"start":{"line":16,"column":9},"end":{"line":16,"column":24}},"loc":{"start":{"line":16,"column":48},"end":{"line":16,"column":153}},"line":16},"8":{"name":"_defineProperties","decl":{"start":{"line":18,"column":9},"end":{"line":18,"column":26}},"loc":{"start":{"line":18,"column":42},"end":{"line":18,"column":317}},"line":18},"9":{"name":"_createClass","decl":{"start":{"line":20,"column":9},"end":{"line":20,"column":21}},"loc":{"start":{"line":20,"column":60},"end":{"line":20,"column":215}},"line":20},"10":{"name":"(anonymous_10)","decl":{"start":{"line":22,"column":44},"end":{"line":22,"column":45}},"loc":{"start":{"line":22,"column":56},"end":{"line":113,"column":1}},"line":22},"11":{"name":"ruleValidationController","decl":{"start":{"line":23,"column":11},"end":{"line":23,"column":35}},"loc":{"start":{"line":23,"column":38},"end":{"line":25,"column":3}},"line":23},"12":{"name":"(anonymous_12)","decl":{"start":{"line":39,"column":11},"end":{"line":39,"column":12}},"loc":{"start":{"line":39,"column":23},"end":{"line":109,"column":5}},"line":39},"13":{"name":"_callee","decl":{"start":{"line":40,"column":85},"end":{"line":40,"column":92}},"loc":{"start":{"line":40,"column":103},"end":{"line":102,"column":7}},"line":40},"14":{"name":"_callee$","decl":{"start":{"line":43,"column":48},"end":{"line":43,"column":56}},"loc":{"start":{"line":43,"column":67},"end":{"line":101,"column":9}},"line":43},"15":{"name":"create","decl":{"start":{"line":104,"column":15},"end":{"line":104,"column":21}},"loc":{"start":{"line":104,"column":31},"end":{"line":106,"column":7}},"line":104}},"branchMap":{"0":{"loc":{"start":{"line":10,"column":46},"end":{"line":10,"column":94}},"type":"cond-expr","locations":[{"start":{"line":10,"column":70},"end":{"line":10,"column":73}},{"start":{"line":10,"column":76},"end":{"line":10,"column":94}}],"line":10},"1":{"loc":{"start":{"line":10,"column":46},"end":{"line":10,"column":67}},"type":"binary-expr","locations":[{"start":{"line":10,"column":46},"end":{"line":10,"column":49}},{"start":{"line":10,"column":53},"end":{"line":10,"column":67}}],"line":10},"2":{"loc":{"start":{"line":12,"column":176},"end":{"line":12,"column":263}},"type":"if","locations":[{"start":{"line":12,"column":176},"end":{"line":12,"column":263}},{"start":{"line":12,"column":176},"end":{"line":12,"column":263}}],"line":12},"3":{"loc":{"start":{"line":16,"column":50},"end":{"line":16,"column":151}},"type":"if","locations":[{"start":{"line":16,"column":50},"end":{"line":16,"column":151}},{"start":{"line":16,"column":50},"end":{"line":16,"column":151}}],"line":16},"4":{"loc":{"start":{"line":18,"column":136},"end":{"line":18,"column":166}},"type":"binary-expr","locations":[{"start":{"line":18,"column":136},"end":{"line":18,"column":157}},{"start":{"line":18,"column":161},"end":{"line":18,"column":166}}],"line":18},"5":{"loc":{"start":{"line":18,"column":200},"end":{"line":18,"column":254}},"type":"if","locations":[{"start":{"line":18,"column":200},"end":{"line":18,"column":254}},{"start":{"line":18,"column":200},"end":{"line":18,"column":254}}],"line":18},"6":{"loc":{"start":{"line":20,"column":62},"end":{"line":20,"column":131}},"type":"if","locations":[{"start":{"line":20,"column":62},"end":{"line":20,"column":131}},{"start":{"line":20,"column":62},"end":{"line":20,"column":131}}],"line":20},"7":{"loc":{"start":{"line":20,"column":132},"end":{"line":20,"column":193}},"type":"if","locations":[{"start":{"line":20,"column":132},"end":{"line":20,"column":193}},{"start":{"line":20,"column":132},"end":{"line":20,"column":193}}],"line":20},"8":{"loc":{"start":{"line":45,"column":12},"end":{"line":99,"column":13}},"type":"switch","locations":[{"start":{"line":46,"column":14},"end":{"line":58,"column":22}},{"start":{"line":60,"column":14},"end":{"line":62,"column":52}},{"start":{"line":64,"column":14},"end":{"line":66,"column":52}},{"start":{"line":68,"column":14},"end":{"line":70,"column":52}},{"start":{"line":72,"column":14},"end":{"line":74,"column":52}},{"start":{"line":76,"column":14},"end":{"line":78,"column":52}},{"start":{"line":80,"column":14},"end":{"line":81,"column":179}},{"start":{"line":83,"column":14},"end":{"line":91,"column":186}},{"start":{"line":93,"column":14},"end":{"line":94,"column":179}},{"start":{"line":96,"column":14},"end":{"line":96,"column":22}},{"start":{"line":97,"column":14},"end":{"line":98,"column":39}}],"line":45},"9":{"loc":{"start":{"line":57,"column":32},"end":{"line":57,"column":180}},"type":"cond-expr","locations":[{"start":{"line":57,"column":55},"end":{"line":57,"column":56}},{"start":{"line":57,"column":59},"end":{"line":57,"column":180}}],"line":57},"10":{"loc":{"start":{"line":57,"column":59},"end":{"line":57,"column":180}},"type":"cond-expr","locations":[{"start":{"line":57,"column":83},"end":{"line":57,"column":84}},{"start":{"line":57,"column":87},"end":{"line":57,"column":180}}],"line":57},"11":{"loc":{"start":{"line":57,"column":87},"end":{"line":57,"column":180}},"type":"cond-expr","locations":[{"start":{"line":57,"column":110},"end":{"line":57,"column":112}},{"start":{"line":57,"column":115},"end":{"line":57,"column":180}}],"line":57},"12":{"loc":{"start":{"line":57,"column":115},"end":{"line":57,"column":180}},"type":"cond-expr","locations":[{"start":{"line":57,"column":139},"end":{"line":57,"column":141}},{"start":{"line":57,"column":144},"end":{"line":57,"column":180}}],"line":57},"13":{"loc":{"start":{"line":57,"column":144},"end":{"line":57,"column":180}},"type":"cond-expr","locations":[{"start":{"line":57,"column":173},"end":{"line":57,"column":175}},{"start":{"line":57,"column":178},"end":{"line":57,"column":180}}],"line":57},"14":{"loc":{"start":{"line":61,"column":24},"end":{"line":61,"column":109}},"type":"cond-expr","locations":[{"start":{"line":61,"column":38},"end":{"line":61,"column":75}},{"start":{"line":61,"column":78},"end":{"line":61,"column":109}}],"line":61},"15":{"loc":{"start":{"line":65,"column":24},"end":{"line":65,"column":109}},"type":"cond-expr","locations":[{"start":{"line":65,"column":38},"end":{"line":65,"column":75}},{"start":{"line":65,"column":78},"end":{"line":65,"column":109}}],"line":65},"16":{"loc":{"start":{"line":69,"column":24},"end":{"line":69,"column":105}},"type":"cond-expr","locations":[{"start":{"line":69,"column":38},"end":{"line":69,"column":73}},{"start":{"line":69,"column":76},"end":{"line":69,"column":105}}],"line":69},"17":{"loc":{"start":{"line":73,"column":24},"end":{"line":73,"column":107}},"type":"cond-expr","locations":[{"start":{"line":73,"column":38},"end":{"line":73,"column":74}},{"start":{"line":73,"column":77},"end":{"line":73,"column":107}}],"line":73},"18":{"loc":{"start":{"line":77,"column":24},"end":{"line":77,"column":121}},"type":"cond-expr","locations":[{"start":{"line":77,"column":38},"end":{"line":77,"column":81}},{"start":{"line":77,"column":84},"end":{"line":77,"column":121}}],"line":77},"19":{"loc":{"start":{"line":86,"column":16},"end":{"line":89,"column":17}},"type":"if","locations":[{"start":{"line":86,"column":16},"end":{"line":89,"column":17}},{"start":{"line":86,"column":16},"end":{"line":89,"column":17}}],"line":86}},"s":{"0":1,"1":1,"2":1,"3":1,"4":1,"5":1,"6":1,"7":0,"8":0,"9":1,"10":1,"11":0,"12":1,"13":1,"14":1,"15":1,"16":1,"17":1,"18":0,"19":1,"20":0,"21":0,"22":1,"23":1,"24":1,"25":1,"26":1,"27":1,"28":1,"29":1,"30":1,"31":0,"32":1,"33":1,"34":1,"35":1,"36":0,"37":1,"38":1,"39":1,"40":3,"41":4,"42":1,"43":1,"44":1,"45":1,"46":1,"47":1,"48":0,"49":0,"50":0,"51":0,"52":0,"53":0,"54":1,"55":1,"56":0,"57":0,"58":0,"59":1,"60":1,"61":0,"62":0,"63":1,"64":0,"65":1,"66":1,"67":1,"68":1,"69":1},"f":{"0":1,"1":1,"2":1,"3":1,"4":1,"5":1,"6":0,"7":0,"8":1,"9":1,"10":1,"11":0,"12":1,"13":1,"14":3,"15":1},"b":{"0":[1,0],"1":[1,1],"2":[1,0],"3":[0,0],"4":[1,1],"5":[1,0],"6":[0,1],"7":[1,0],"8":[1,0,0,0,1,0,0,1,0,0,1],"9":[0,1],"10":[0,1],"11":[0,1],"12":[1,0],"13":[0,0],"14":[0,0],"15":[0,0],"16":[0,0],"17":[1,0],"18":[0,0],"19":[0,1]},"inputSourceMap":{"version":3,"sources":["ruleValidationController.js"],"names":["ruleValidationController","req","res","body","rule","data","field","condition","condition_value","nestedField","validation","error","field_value","query","includes","Response","ruleValidationResponseMessage"],"mappings":";;;;;;;AAAA;;;;;;;;;;;;;;IAEqBA,wB;;;;;;;;AACnB;AACF;AACA;AACA;AACA;AACA;AACA;AACA;AACA;;6FACsBC,G,EAAKC,G;;;;;;;4BACAD,GAAG,CAACE,I,EAAnBC,I,aAAAA,I,EAAMC,I,aAAAA,I;AACNC,gBAAAA,K,GAAmDF,I,CAAnDE,K,EAAOC,S,GAA4CH,I,CAA5CG,S,EAAWC,e,GAAiCJ,I,CAAjCI,e,EAAiBC,W,GAAgBL,I,CAAhBK,W;AAKvCC,gBAAAA,U,GAAa;AACfC,kBAAAA,KAAK,EAAE,IADQ;AAEfL,kBAAAA,KAAK,EAALA,KAFe;AAGfM,kBAAAA,WAAW,EAAEJ,eAHE;AAIfD,kBAAAA,SAAS,EAATA,SAJe;AAKfC,kBAAAA,eAAe,EAAfA;AALe,iB;8BAQTD,S;gDACD,I,uBAKA,K,uBAKA,I,wBAKA,K,wBAKA,U;;;;AAnBHM,gBAAAA,KAAK,GAAGJ,WAAW,GACfJ,IAAI,CAACI,WAAD,CAAJ,KAAsBD,eADP,GAEfH,IAAI,CAACC,KAAD,CAAJ,KAAgBE,eAFpB;;;;AAKAK,gBAAAA,KAAK,GAAGJ,WAAW,GACfJ,IAAI,CAACI,WAAD,CAAJ,KAAsBD,eADP,GAEfH,IAAI,CAACC,KAAD,CAAJ,KAAgBE,eAFpB;;;;AAKAK,gBAAAA,KAAK,GAAGJ,WAAW,GACfJ,IAAI,CAACI,WAAD,CAAJ,GAAoBD,eADL,GAEfH,IAAI,CAACC,KAAD,CAAJ,GAAcE,eAFlB;;;;AAKAK,gBAAAA,KAAK,GAAGJ,WAAW,GACfJ,IAAI,CAACI,WAAD,CAAJ,IAAqBD,eADN,GAEfH,IAAI,CAACC,KAAD,CAAJ,IAAeE,eAFnB;;;;AAKAK,gBAAAA,KAAK,GAAGJ,WAAW,GACfJ,IAAI,CAACI,WAAD,CAAJ,CAAkBK,QAAlB,CAA2BN,eAA3B,CADe,GAEfH,IAAI,CAACC,KAAD,CAAJ,CAAYQ,QAAZ,CAAqBN,eAArB,CAFJ;;;;iDAMOO,qBAASC,6BAAT,iBACIV,KADJ,0BAEL,GAFK,EAGL,OAHK,EAILI,UAJK,EAKLR,GALK,C;;;AASXQ,gBAAAA,UAAU,CAACC,KAAX,GAAmB,CAACE,KAApB;;qBAEIA,K;;;;;iDACKE,qBAASC,6BAAT,iBACIV,KADJ,+BAEL,GAFK,EAGL,SAHK,EAILI,UAJK,EAKLR,GALK,C;;;iDAQAa,qBAASC,6BAAT,iBACIV,KADJ,0BAEL,GAFK,EAGL,OAHK,EAILI,UAJK,EAKLR,GALK,C","sourceRoot":"/Users/onehub/personal/flutterwave/server/controllers/","sourcesContent":["import Response from '../utils/response';\n\nexport default class ruleValidationController {\n  /**\n   * @function create\n   * @description Create Rule Validation\n   *\n   * @param {Object} req\n   * @param {Object} res\n   *\n   * @returns {Object} rule validation JSON Object\n   */\n  static async create(req, res) {\n    const { rule, data } = req.body;\n    const { field, condition, condition_value, nestedField } = rule;\n\n\n    let query;\n\n    let validation = {\n      error: true,\n      field,\n      field_value: condition_value,\n      condition,\n      condition_value,\n    };\n\n    switch (condition) {\n      case 'eq':\n        query = nestedField\n          ? data[nestedField] === condition_value\n          : data[field] === condition_value;\n        break;\n      case 'neq':\n        query = nestedField\n          ? data[nestedField] !== condition_value\n          : data[field] !== condition_value;\n        break;\n      case 'gt':\n        query = nestedField\n          ? data[nestedField] > condition_value\n          : data[field] > condition_value;\n        break;\n      case 'gte':\n        query = nestedField\n          ? data[nestedField] >= condition_value\n          : data[field] >= condition_value;\n        break;\n      case 'contains':\n        query = nestedField\n          ? data[nestedField].includes(condition_value)\n          : data[field].includes(condition_value);\n        break;\n\n      default:\n        return Response.ruleValidationResponseMessage(\n          `field ${field} failed validation.`,\n          400,\n          'error',\n          validation,\n          res\n        );\n    }\n\n    validation.error = !query;\n\n    if (query) {\n      return Response.ruleValidationResponseMessage(\n        `field ${field} successfully validated.`,\n        200,\n        'success',\n        validation,\n        res\n      );\n    } else {\n      return Response.ruleValidationResponseMessage(\n        `field ${field} failed validation.`,\n        400,\n        'error',\n        validation,\n        res\n      );\n    }\n  }\n}\n"]},"_coverageSchema":"1a1c01bbd47fc00a2c39e90264f33305004495a9","hash":"e52e28c7bd448f6280e8e379b4bdf2f2a4bdf144","contentHash":"74b863c04ba416bff416bceaef853268d0a90a8de640e887834f0c6ac11a4af6"}}